Copyright 1986-2017 Xilinx, Inc. All Rights Reserved.
------------------------------------------------------------------------------------
| Tool Version : Vivado v.2017.4 (lin64) Build 2086221 Fri Dec 15 20:54:30 MST 2017
| Date         : Wed Jan 24 08:35:03 2018
| Host         : mitchell-work running 64-bit Ubuntu 16.04.3 LTS
| Command      : upgrade_ip
| Device       : xc7s50csga324-1
------------------------------------------------------------------------------------

Upgrade Log for IP 'system_xadc_wiz_0_0'

1. Summary
----------

SUCCESS in the upgrade of system_xadc_wiz_0_0 (xilinx.com:ip:xadc_wiz:3.3) from (Rev. 4) to (Rev. 5)






Copyright 1986-2017 Xilinx, Inc. All Rights Reserved.
------------------------------------------------------------------------------------
| Tool Version : Vivado v.2017.4 (lin64) Build 2086221 Fri Dec 15 20:54:30 MST 2017
| Date         : Wed Jan 24 08:35:03 2018
| Host         : mitchell-work running 64-bit Ubuntu 16.04.3 LTS
| Command      : upgrade_ip
| Device       : xc7s50csga324-1
------------------------------------------------------------------------------------

Upgrade Log for IP 'system_microblaze_0_axi_periph_0'

1. Summary
----------

SUCCESS in the upgrade of system_microblaze_0_axi_periph_0 (xilinx.com:ip:axi_interconnect:2.1) from (Rev. 15) to (Rev. 16)






Copyright 1986-2017 Xilinx, Inc. All Rights Reserved.
------------------------------------------------------------------------------------
| Tool Version : Vivado v.2017.4 (lin64) Build 2086221 Fri Dec 15 20:54:30 MST 2017
| Date         : Wed Jan 24 08:35:03 2018
| Host         : mitchell-work running 64-bit Ubuntu 16.04.3 LTS
| Command      : upgrade_ip
| Device       : xc7s50csga324-1
------------------------------------------------------------------------------------

Upgrade Log for IP 'system_microblaze_0_0'

1. Summary
----------

SUCCESS in the upgrade of system_microblaze_0_0 (xilinx.com:ip:microblaze:10.0) from (Rev. 4) to (Rev. 5)






Copyright 1986-2017 Xilinx, Inc. All Rights Reserved.
------------------------------------------------------------------------------------
| Tool Version : Vivado v.2017.4 (lin64) Build 2086221 Fri Dec 15 20:54:30 MST 2017
| Date         : Wed Jan 24 08:35:03 2018
| Host         : mitchell-work running 64-bit Ubuntu 16.04.3 LTS
| Command      : upgrade_ip
| Device       : xc7s50csga324-1
------------------------------------------------------------------------------------

Upgrade Log for IP 'system_mdm_1_0'

1. Summary
----------

SUCCESS in the upgrade of system_mdm_1_0 (xilinx.com:ip:mdm:3.2) from (Rev. 11) to (Rev. 12)

2. Upgrade messages
-------------------

WARNING: upgrade cannot add parameter C_DEBUG_INTERFACE with default value 0 : a parameter called C_DEBUG_INTERFACE already exists in mdm_v3_2
Set parameter C_M_AXIS_ID_WIDTH to value 7 (source 'default')
Added parameter C_TRACE_PROTOCOL with value 1 (source 'default')
Set parameter C_S_AXI_ADDR_WIDTH to value 4 (source 'default')






Copyright 1986-2017 Xilinx, Inc. All Rights Reserved.
------------------------------------------------------------------------------------
| Tool Version : Vivado v.2017.4 (lin64) Build 2086221 Fri Dec 15 20:54:30 MST 2017
| Date         : Wed Jan 24 08:35:03 2018
| Host         : mitchell-work running 64-bit Ubuntu 16.04.3 LTS
| Command      : upgrade_ip
| Device       : xc7s50csga324-1
------------------------------------------------------------------------------------

Upgrade Log for IP 'system_lmb_bram_0'

1. Summary
----------

SUCCESS in the upgrade of system_lmb_bram_0 (xilinx.com:ip:blk_mem_gen:8.4) to (Rev. 1)






Copyright 1986-2017 Xilinx, Inc. All Rights Reserved.
------------------------------------------------------------------------------------
| Tool Version : Vivado v.2017.4 (lin64) Build 2086221 Fri Dec 15 20:54:30 MST 2017
| Date         : Wed Jan 24 08:35:03 2018
| Host         : mitchell-work running 64-bit Ubuntu 16.04.3 LTS
| Command      : upgrade_ip
| Device       : xc7s50csga324-1
------------------------------------------------------------------------------------

Upgrade Log for IP 'system_ilmb_bram_if_cntlr_0'

1. Summary
----------

SUCCESS in the upgrade of system_ilmb_bram_if_cntlr_0 (xilinx.com:ip:lmb_bram_if_cntlr:4.0) from (Rev. 13) to (Rev. 14)

2. Upgrade messages
-------------------

Set parameter C_MASK1 to value 0x0000000000800000 (source 'default')
Set parameter C_MASK2 to value 0x0000000000800000 (source 'default')
Set parameter C_MASK3 to value 0x0000000000800000 (source 'default')






Copyright 1986-2017 Xilinx, Inc. All Rights Reserved.
------------------------------------------------------------------------------------
| Tool Version : Vivado v.2017.4 (lin64) Build 2086221 Fri Dec 15 20:54:30 MST 2017
| Date         : Wed Jan 24 08:35:03 2018
| Host         : mitchell-work running 64-bit Ubuntu 16.04.3 LTS
| Command      : upgrade_ip
| Device       : xc7s50csga324-1
------------------------------------------------------------------------------------

Upgrade Log for IP 'system_dlmb_bram_if_cntlr_0'

1. Summary
----------

SUCCESS in the upgrade of system_dlmb_bram_if_cntlr_0 (xilinx.com:ip:lmb_bram_if_cntlr:4.0) from (Rev. 13) to (Rev. 14)

2. Upgrade messages
-------------------

Set parameter C_MASK1 to value 0x0000000000800000 (source 'default')
Set parameter C_MASK2 to value 0x0000000000800000 (source 'default')
Set parameter C_MASK3 to value 0x0000000000800000 (source 'default')






Copyright 1986-2017 Xilinx, Inc. All Rights Reserved.
------------------------------------------------------------------------------------
| Tool Version : Vivado v.2017.4 (lin64) Build 2086221 Fri Dec 15 20:54:30 MST 2017
| Date         : Wed Jan 24 08:35:03 2018
| Host         : mitchell-work running 64-bit Ubuntu 16.04.3 LTS
| Command      : upgrade_ip
| Device       : xc7s50csga324-1
------------------------------------------------------------------------------------

Upgrade Log for IP 'system_clk_wiz_0_0'

1. Summary
----------

SUCCESS in the upgrade of system_clk_wiz_0_0 (xilinx.com:ip:clk_wiz:5.4) from (Rev. 2) to (Rev. 3)






Copyright 1986-2017 Xilinx, Inc. All Rights Reserved.
------------------------------------------------------------------------------------
| Tool Version : Vivado v.2017.4 (lin64) Build 2086221 Fri Dec 15 20:54:30 MST 2017
| Date         : Wed Jan 24 08:35:03 2018
| Host         : mitchell-work running 64-bit Ubuntu 16.04.3 LTS
| Command      : upgrade_ip
| Device       : xc7s50csga324-1
------------------------------------------------------------------------------------

Upgrade Log for IP 'system_axi_uartlite_0_0'

1. Summary
----------

SUCCESS in the upgrade of system_axi_uartlite_0_0 (xilinx.com:ip:axi_uartlite:2.0) from (Rev. 18) to (Rev. 19)






Copyright 1986-2017 Xilinx, Inc. All Rights Reserved.
------------------------------------------------------------------------------------
| Tool Version : Vivado v.2017.4 (lin64) Build 2086221 Fri Dec 15 20:54:30 MST 2017
| Date         : Wed Jan 24 08:35:02 2018
| Host         : mitchell-work running 64-bit Ubuntu 16.04.3 LTS
| Command      : upgrade_ip
| Device       : xc7s50csga324-1
------------------------------------------------------------------------------------

Upgrade Log for IP 'system_axi_timer_0_0'

1. Summary
----------

SUCCESS in the upgrade of system_axi_timer_0_0 (xilinx.com:ip:axi_timer:2.0) from (Rev. 16) to (Rev. 17)






Copyright 1986-2017 Xilinx, Inc. All Rights Reserved.
------------------------------------------------------------------------------------
| Tool Version : Vivado v.2017.4 (lin64) Build 2086221 Fri Dec 15 20:54:30 MST 2017
| Date         : Wed Jan 24 08:35:02 2018
| Host         : mitchell-work running 64-bit Ubuntu 16.04.3 LTS
| Command      : upgrade_ip
| Device       : xc7s50csga324-1
------------------------------------------------------------------------------------

Upgrade Log for IP 'system_axi_smc_0'

1. Summary
----------

SUCCESS in the upgrade of system_axi_smc_0 (xilinx.com:ip:smartconnect:1.0) from (Rev. 6) to (Rev. 7)

After upgrade, an IP may have parameter and port differences compared to the original customization. Please review the parameters within the IP customization GUI to ensure proper functionality. Also, please review the updated IP instantiation template to ensure proper connectivity, and update your design if required.

2. Interface Information
------------------------

Detected external interface differences while upgrading 'system_axi_smc_0'.



3. Connection Warnings
----------------------

Detected external port differences while upgrading 'system_axi_smc_0'. These changes may impact your design.








Copyright 1986-2017 Xilinx, Inc. All Rights Reserved.
------------------------------------------------------------------------------------
| Tool Version : Vivado v.2017.4 (lin64) Build 2086221 Fri Dec 15 20:54:30 MST 2017
| Date         : Wed Jan 24 08:35:02 2018
| Host         : mitchell-work running 64-bit Ubuntu 16.04.3 LTS
| Command      : upgrade_ip
| Device       : xc7s50csga324-1
------------------------------------------------------------------------------------

Upgrade Log for IP 'system_axi_quad_spi_0_0'

1. Summary
----------

SUCCESS in the upgrade of system_axi_quad_spi_0_0 (xilinx.com:ip:axi_quad_spi:3.2) from (Rev. 13) to (Rev. 14)






Copyright 1986-2017 Xilinx, Inc. All Rights Reserved.
------------------------------------------------------------------------------------
| Tool Version : Vivado v.2017.4 (lin64) Build 2086221 Fri Dec 15 20:54:30 MST 2017
| Date         : Wed Jan 24 08:35:02 2018
| Host         : mitchell-work running 64-bit Ubuntu 16.04.3 LTS
| Command      : upgrade_ip
| Device       : xc7s50csga324-1
------------------------------------------------------------------------------------

Upgrade Log for IP 'system_axi_gpio_led_0'

1. Summary
----------

SUCCESS in the upgrade of system_axi_gpio_led_0 (xilinx.com:ip:axi_gpio:2.0) from (Rev. 16) to (Rev. 17)






Copyright 1986-2017 Xilinx, Inc. All Rights Reserved.
------------------------------------------------------------------------------------
| Tool Version : Vivado v.2017.4 (lin64) Build 2086221 Fri Dec 15 20:54:30 MST 2017
| Date         : Wed Jan 24 08:35:02 2018
| Host         : mitchell-work running 64-bit Ubuntu 16.04.3 LTS
| Command      : upgrade_ip
| Device       : xc7s50csga324-1
------------------------------------------------------------------------------------

Upgrade Log for IP 'system_axi_gpio_input_0'

1. Summary
----------

SUCCESS in the upgrade of system_axi_gpio_input_0 (xilinx.com:ip:axi_gpio:2.0) from (Rev. 16) to (Rev. 17)

