
*** Running vivado
    with args -log system_xadc_wiz_0_0.vds -m64 -product Vivado -mode batch -messageDb vivado.pb -notrace -source system_xadc_wiz_0_0.tcl


****** Vivado v2017.4 (64-bit)
  **** SW Build 2086221 on Fri Dec 15 20:54:30 MST 2017
  **** IP Build 2085800 on Fri Dec 15 22:25:07 MST 2017
    ** Copyright 1986-2017 Xilinx, Inc. All Rights Reserved.

source system_xadc_wiz_0_0.tcl -notrace
Command: synth_design -top system_xadc_wiz_0_0 -part xc7s50csga324-1 -mode out_of_context
Starting synth_design
Attempting to get a license for feature 'Synthesis' and/or device 'xc7s50'
INFO: [Common 17-349] Got license for feature 'Synthesis' and/or device 'xc7s50'
INFO: Launching helper process for spawning children vivado processes
INFO: Helper process launched with PID 22620 
---------------------------------------------------------------------------------
Starting RTL Elaboration : Time (s): cpu = 00:00:06 ; elapsed = 00:00:07 . Memory (MB): peak = 1314.805 ; gain = 86.996 ; free physical = 1297 ; free virtual = 6039
---------------------------------------------------------------------------------
INFO: [Synth 8-638] synthesizing module 'system_xadc_wiz_0_0' [/home/mitchellorsucci/DigilentRepos/Arty-S7-50-base-rt/src/bd/system/ip/system_xadc_wiz_0_0/system_xadc_wiz_0_0.vhd:117]
	Parameter C_INSTANCE bound to: system_xadc_wiz_0_0_axi_xadc - type: string 
	Parameter C_FAMILY bound to: virtex7 - type: string 
	Parameter C_S_AXI_ADDR_WIDTH bound to: 11 - type: integer 
	Parameter C_S_AXI_DATA_WIDTH bound to: 32 - type: integer 
	Parameter C_INCLUDE_INTR bound to: 1 - type: integer 
	Parameter C_SIM_MONITOR_FILE bound to: design.txt - type: string 
INFO: [Synth 8-3491] module 'system_xadc_wiz_0_0_axi_xadc' declared at '/home/mitchellorsucci/DigilentRepos/Arty-S7-50-base-rt/src/bd/system/ip/system_xadc_wiz_0_0/system_xadc_wiz_0_0_axi_xadc.vhd:143' bound to instance 'U0' of component 'system_xadc_wiz_0_0_axi_xadc' [/home/mitchellorsucci/DigilentRepos/Arty-S7-50-base-rt/src/bd/system/ip/system_xadc_wiz_0_0/system_xadc_wiz_0_0.vhd:210]
INFO: [Synth 8-638] synthesizing module 'system_xadc_wiz_0_0_axi_xadc' [/home/mitchellorsucci/DigilentRepos/Arty-S7-50-base-rt/src/bd/system/ip/system_xadc_wiz_0_0/system_xadc_wiz_0_0_axi_xadc.vhd:255]
	Parameter C_INSTANCE bound to: system_xadc_wiz_0_0_axi_xadc - type: string 
	Parameter C_FAMILY bound to: virtex7 - type: string 
	Parameter C_S_AXI_ADDR_WIDTH bound to: 11 - type: integer 
	Parameter C_S_AXI_DATA_WIDTH bound to: 32 - type: integer 
	Parameter C_INCLUDE_INTR bound to: 1 - type: integer 
	Parameter C_SIM_MONITOR_FILE bound to: design.txt - type: string 
INFO: [Synth 8-5534] Detected attribute (* max_fanout = "10000" *) [/home/mitchellorsucci/DigilentRepos/Arty-S7-50-base-rt/src/bd/system/ip/system_xadc_wiz_0_0/system_xadc_wiz_0_0_axi_xadc.vhd:163]
INFO: [Synth 8-5534] Detected attribute (* max_fanout = "10000" *) [/home/mitchellorsucci/DigilentRepos/Arty-S7-50-base-rt/src/bd/system/ip/system_xadc_wiz_0_0/system_xadc_wiz_0_0_axi_xadc.vhd:164]
INFO: [Synth 8-638] synthesizing module 'system_xadc_wiz_0_0_axi_lite_ipif' [/home/mitchellorsucci/DigilentRepos/Arty-S7-50-base-rt/src/bd/system/ip/system_xadc_wiz_0_0/axi_lite_ipif_v1_01_a/hdl/src/vhdl/system_xadc_wiz_0_0_axi_lite_ipif.vhd:241]
	Parameter C_S_AXI_DATA_WIDTH bound to: 32 - type: integer 
	Parameter C_S_AXI_ADDR_WIDTH bound to: 11 - type: integer 
	Parameter C_S_AXI_MIN_SIZE bound to: 32'b00000000000000000000001111111111 
	Parameter C_USE_WSTRB bound to: 1 - type: integer 
	Parameter C_DPHASE_TIMEOUT bound to: 64 - type: integer 
	Parameter C_ARD_ADDR_RANGE_ARRAY bound to: 384'b000000000000000000000000000000000000000000000000000000000000000000000000000000000000000000000000000000000000000000000000000111110000000000000000000000000000000000000000000000000000000001000000000000000000000000000000000000000000000000000000000000000111111100000000000000000000000000000000000000000000000000000010000000000000000000000000000000000000000000000000000000000000001111111111 
	Parameter C_ARD_NUM_CE_ARRAY bound to: 96'b000000000000000000000000000010000000000000000000000000000001000000000000000000000000000000000001 
	Parameter C_FAMILY bound to: virtex7 - type: string 
INFO: [Synth 8-638] synthesizing module 'system_xadc_wiz_0_0_slave_attachment' [/home/mitchellorsucci/DigilentRepos/Arty-S7-50-base-rt/src/bd/system/ip/system_xadc_wiz_0_0/axi_lite_ipif_v1_01_a/hdl/src/vhdl/system_xadc_wiz_0_0_slave_attachment.vhd:227]
	Parameter C_ARD_ADDR_RANGE_ARRAY bound to: 384'b000000000000000000000000000000000000000000000000000000000000000000000000000000000000000000000000000000000000000000000000000111110000000000000000000000000000000000000000000000000000000001000000000000000000000000000000000000000000000000000000000000000111111100000000000000000000000000000000000000000000000000000010000000000000000000000000000000000000000000000000000000000000001111111111 
	Parameter C_ARD_NUM_CE_ARRAY bound to: 96'b000000000000000000000000000010000000000000000000000000000001000000000000000000000000000000000001 
	Parameter C_IPIF_ABUS_WIDTH bound to: 11 - type: integer 
	Parameter C_IPIF_DBUS_WIDTH bound to: 32 - type: integer 
	Parameter C_S_AXI_MIN_SIZE bound to: 1023 - type: integer 
	Parameter C_USE_WSTRB bound to: 1 - type: integer 
	Parameter C_DPHASE_TIMEOUT bound to: 64 - type: integer 
	Parameter C_FAMILY bound to: virtex7 - type: string 
INFO: [Synth 8-638] synthesizing module 'system_xadc_wiz_0_0_address_decoder' [/home/mitchellorsucci/DigilentRepos/Arty-S7-50-base-rt/src/bd/system/ip/system_xadc_wiz_0_0/axi_lite_ipif_v1_01_a/hdl/src/vhdl/system_xadc_wiz_0_0_address_decoder.vhd:176]
	Parameter C_BUS_AWIDTH bound to: 10 - type: integer 
	Parameter C_S_AXI_MIN_SIZE bound to: 1023 - type: integer 
	Parameter C_ARD_ADDR_RANGE_ARRAY bound to: 384'b000000000000000000000000000000000000000000000000000000000000000000000000000000000000000000000000000000000000000000000000000111110000000000000000000000000000000000000000000000000000000001000000000000000000000000000000000000000000000000000000000000000111111100000000000000000000000000000000000000000000000000000010000000000000000000000000000000000000000000000000000000000000001111111111 
	Parameter C_ARD_NUM_CE_ARRAY bound to: 96'b000000000000000000000000000010000000000000000000000000000001000000000000000000000000000000000001 
	Parameter C_FAMILY bound to: nofamily - type: string 
INFO: [Synth 8-638] synthesizing module 'system_xadc_wiz_0_0_pselect_f' [/home/mitchellorsucci/DigilentRepos/Arty-S7-50-base-rt/src/bd/system/ip/system_xadc_wiz_0_0/proc_common_v3_30_a/hdl/src/vhdl/system_xadc_wiz_0_0_pselect_f.vhd:167]
	Parameter C_AB bound to: 5 - type: integer 
	Parameter C_AW bound to: 10 - type: integer 
	Parameter C_BAR bound to: 10'b0000000000 
	Parameter C_FAMILY bound to: nofamily - type: string 
INFO: [Synth 8-256] done synthesizing module 'system_xadc_wiz_0_0_pselect_f' (1#1) [/home/mitchellorsucci/DigilentRepos/Arty-S7-50-base-rt/src/bd/system/ip/system_xadc_wiz_0_0/proc_common_v3_30_a/hdl/src/vhdl/system_xadc_wiz_0_0_pselect_f.vhd:167]
INFO: [Synth 8-638] synthesizing module 'system_xadc_wiz_0_0_pselect_f__parameterized0' [/home/mitchellorsucci/DigilentRepos/Arty-S7-50-base-rt/src/bd/system/ip/system_xadc_wiz_0_0/proc_common_v3_30_a/hdl/src/vhdl/system_xadc_wiz_0_0_pselect_f.vhd:167]
	Parameter C_AB bound to: 3 - type: integer 
	Parameter C_AW bound to: 3 - type: integer 
	Parameter C_BAR bound to: 3'b000 
	Parameter C_FAMILY bound to: nofamily - type: string 
INFO: [Synth 8-256] done synthesizing module 'system_xadc_wiz_0_0_pselect_f__parameterized0' (1#1) [/home/mitchellorsucci/DigilentRepos/Arty-S7-50-base-rt/src/bd/system/ip/system_xadc_wiz_0_0/proc_common_v3_30_a/hdl/src/vhdl/system_xadc_wiz_0_0_pselect_f.vhd:167]
INFO: [Synth 8-638] synthesizing module 'system_xadc_wiz_0_0_pselect_f__parameterized1' [/home/mitchellorsucci/DigilentRepos/Arty-S7-50-base-rt/src/bd/system/ip/system_xadc_wiz_0_0/proc_common_v3_30_a/hdl/src/vhdl/system_xadc_wiz_0_0_pselect_f.vhd:167]
	Parameter C_AB bound to: 3 - type: integer 
	Parameter C_AW bound to: 3 - type: integer 
	Parameter C_BAR bound to: 3'b001 
	Parameter C_FAMILY bound to: nofamily - type: string 
INFO: [Synth 8-256] done synthesizing module 'system_xadc_wiz_0_0_pselect_f__parameterized1' (1#1) [/home/mitchellorsucci/DigilentRepos/Arty-S7-50-base-rt/src/bd/system/ip/system_xadc_wiz_0_0/proc_common_v3_30_a/hdl/src/vhdl/system_xadc_wiz_0_0_pselect_f.vhd:167]
INFO: [Synth 8-638] synthesizing module 'system_xadc_wiz_0_0_pselect_f__parameterized2' [/home/mitchellorsucci/DigilentRepos/Arty-S7-50-base-rt/src/bd/system/ip/system_xadc_wiz_0_0/proc_common_v3_30_a/hdl/src/vhdl/system_xadc_wiz_0_0_pselect_f.vhd:167]
	Parameter C_AB bound to: 3 - type: integer 
	Parameter C_AW bound to: 3 - type: integer 
	Parameter C_BAR bound to: 3'b010 
	Parameter C_FAMILY bound to: nofamily - type: string 
INFO: [Synth 8-256] done synthesizing module 'system_xadc_wiz_0_0_pselect_f__parameterized2' (1#1) [/home/mitchellorsucci/DigilentRepos/Arty-S7-50-base-rt/src/bd/system/ip/system_xadc_wiz_0_0/proc_common_v3_30_a/hdl/src/vhdl/system_xadc_wiz_0_0_pselect_f.vhd:167]
INFO: [Synth 8-638] synthesizing module 'system_xadc_wiz_0_0_pselect_f__parameterized3' [/home/mitchellorsucci/DigilentRepos/Arty-S7-50-base-rt/src/bd/system/ip/system_xadc_wiz_0_0/proc_common_v3_30_a/hdl/src/vhdl/system_xadc_wiz_0_0_pselect_f.vhd:167]
	Parameter C_AB bound to: 3 - type: integer 
	Parameter C_AW bound to: 3 - type: integer 
	Parameter C_BAR bound to: 3'b011 
	Parameter C_FAMILY bound to: nofamily - type: string 
INFO: [Synth 8-256] done synthesizing module 'system_xadc_wiz_0_0_pselect_f__parameterized3' (1#1) [/home/mitchellorsucci/DigilentRepos/Arty-S7-50-base-rt/src/bd/system/ip/system_xadc_wiz_0_0/proc_common_v3_30_a/hdl/src/vhdl/system_xadc_wiz_0_0_pselect_f.vhd:167]
INFO: [Synth 8-638] synthesizing module 'system_xadc_wiz_0_0_pselect_f__parameterized4' [/home/mitchellorsucci/DigilentRepos/Arty-S7-50-base-rt/src/bd/system/ip/system_xadc_wiz_0_0/proc_common_v3_30_a/hdl/src/vhdl/system_xadc_wiz_0_0_pselect_f.vhd:167]
	Parameter C_AB bound to: 3 - type: integer 
	Parameter C_AW bound to: 3 - type: integer 
	Parameter C_BAR bound to: 3'b100 
	Parameter C_FAMILY bound to: nofamily - type: string 
INFO: [Synth 8-256] done synthesizing module 'system_xadc_wiz_0_0_pselect_f__parameterized4' (1#1) [/home/mitchellorsucci/DigilentRepos/Arty-S7-50-base-rt/src/bd/system/ip/system_xadc_wiz_0_0/proc_common_v3_30_a/hdl/src/vhdl/system_xadc_wiz_0_0_pselect_f.vhd:167]
INFO: [Synth 8-638] synthesizing module 'system_xadc_wiz_0_0_pselect_f__parameterized5' [/home/mitchellorsucci/DigilentRepos/Arty-S7-50-base-rt/src/bd/system/ip/system_xadc_wiz_0_0/proc_common_v3_30_a/hdl/src/vhdl/system_xadc_wiz_0_0_pselect_f.vhd:167]
	Parameter C_AB bound to: 3 - type: integer 
	Parameter C_AW bound to: 3 - type: integer 
	Parameter C_BAR bound to: 3'b101 
	Parameter C_FAMILY bound to: nofamily - type: string 
INFO: [Synth 8-256] done synthesizing module 'system_xadc_wiz_0_0_pselect_f__parameterized5' (1#1) [/home/mitchellorsucci/DigilentRepos/Arty-S7-50-base-rt/src/bd/system/ip/system_xadc_wiz_0_0/proc_common_v3_30_a/hdl/src/vhdl/system_xadc_wiz_0_0_pselect_f.vhd:167]
INFO: [Synth 8-638] synthesizing module 'system_xadc_wiz_0_0_pselect_f__parameterized6' [/home/mitchellorsucci/DigilentRepos/Arty-S7-50-base-rt/src/bd/system/ip/system_xadc_wiz_0_0/proc_common_v3_30_a/hdl/src/vhdl/system_xadc_wiz_0_0_pselect_f.vhd:167]
	Parameter C_AB bound to: 3 - type: integer 
	Parameter C_AW bound to: 3 - type: integer 
	Parameter C_BAR bound to: 3'b110 
	Parameter C_FAMILY bound to: nofamily - type: string 
INFO: [Synth 8-256] done synthesizing module 'system_xadc_wiz_0_0_pselect_f__parameterized6' (1#1) [/home/mitchellorsucci/DigilentRepos/Arty-S7-50-base-rt/src/bd/system/ip/system_xadc_wiz_0_0/proc_common_v3_30_a/hdl/src/vhdl/system_xadc_wiz_0_0_pselect_f.vhd:167]
INFO: [Synth 8-638] synthesizing module 'system_xadc_wiz_0_0_pselect_f__parameterized7' [/home/mitchellorsucci/DigilentRepos/Arty-S7-50-base-rt/src/bd/system/ip/system_xadc_wiz_0_0/proc_common_v3_30_a/hdl/src/vhdl/system_xadc_wiz_0_0_pselect_f.vhd:167]
	Parameter C_AB bound to: 3 - type: integer 
	Parameter C_AW bound to: 3 - type: integer 
	Parameter C_BAR bound to: 3'b111 
	Parameter C_FAMILY bound to: nofamily - type: string 
INFO: [Synth 8-256] done synthesizing module 'system_xadc_wiz_0_0_pselect_f__parameterized7' (1#1) [/home/mitchellorsucci/DigilentRepos/Arty-S7-50-base-rt/src/bd/system/ip/system_xadc_wiz_0_0/proc_common_v3_30_a/hdl/src/vhdl/system_xadc_wiz_0_0_pselect_f.vhd:167]
INFO: [Synth 8-638] synthesizing module 'system_xadc_wiz_0_0_pselect_f__parameterized8' [/home/mitchellorsucci/DigilentRepos/Arty-S7-50-base-rt/src/bd/system/ip/system_xadc_wiz_0_0/proc_common_v3_30_a/hdl/src/vhdl/system_xadc_wiz_0_0_pselect_f.vhd:167]
	Parameter C_AB bound to: 4 - type: integer 
	Parameter C_AW bound to: 10 - type: integer 
	Parameter C_BAR bound to: 10'b0001000000 
	Parameter C_FAMILY bound to: nofamily - type: string 
INFO: [Synth 8-256] done synthesizing module 'system_xadc_wiz_0_0_pselect_f__parameterized8' (1#1) [/home/mitchellorsucci/DigilentRepos/Arty-S7-50-base-rt/src/bd/system/ip/system_xadc_wiz_0_0/proc_common_v3_30_a/hdl/src/vhdl/system_xadc_wiz_0_0_pselect_f.vhd:167]
INFO: [Synth 8-638] synthesizing module 'system_xadc_wiz_0_0_pselect_f__parameterized9' [/home/mitchellorsucci/DigilentRepos/Arty-S7-50-base-rt/src/bd/system/ip/system_xadc_wiz_0_0/proc_common_v3_30_a/hdl/src/vhdl/system_xadc_wiz_0_0_pselect_f.vhd:167]
	Parameter C_AB bound to: 4 - type: integer 
	Parameter C_AW bound to: 4 - type: integer 
	Parameter C_BAR bound to: 4'b0000 
	Parameter C_FAMILY bound to: nofamily - type: string 
INFO: [Synth 8-256] done synthesizing module 'system_xadc_wiz_0_0_pselect_f__parameterized9' (1#1) [/home/mitchellorsucci/DigilentRepos/Arty-S7-50-base-rt/src/bd/system/ip/system_xadc_wiz_0_0/proc_common_v3_30_a/hdl/src/vhdl/system_xadc_wiz_0_0_pselect_f.vhd:167]
INFO: [Synth 8-638] synthesizing module 'system_xadc_wiz_0_0_pselect_f__parameterized10' [/home/mitchellorsucci/DigilentRepos/Arty-S7-50-base-rt/src/bd/system/ip/system_xadc_wiz_0_0/proc_common_v3_30_a/hdl/src/vhdl/system_xadc_wiz_0_0_pselect_f.vhd:167]
	Parameter C_AB bound to: 4 - type: integer 
	Parameter C_AW bound to: 4 - type: integer 
	Parameter C_BAR bound to: 4'b0001 
	Parameter C_FAMILY bound to: nofamily - type: string 
INFO: [Synth 8-256] done synthesizing module 'system_xadc_wiz_0_0_pselect_f__parameterized10' (1#1) [/home/mitchellorsucci/DigilentRepos/Arty-S7-50-base-rt/src/bd/system/ip/system_xadc_wiz_0_0/proc_common_v3_30_a/hdl/src/vhdl/system_xadc_wiz_0_0_pselect_f.vhd:167]
INFO: [Synth 8-638] synthesizing module 'system_xadc_wiz_0_0_pselect_f__parameterized11' [/home/mitchellorsucci/DigilentRepos/Arty-S7-50-base-rt/src/bd/system/ip/system_xadc_wiz_0_0/proc_common_v3_30_a/hdl/src/vhdl/system_xadc_wiz_0_0_pselect_f.vhd:167]
	Parameter C_AB bound to: 4 - type: integer 
	Parameter C_AW bound to: 4 - type: integer 
	Parameter C_BAR bound to: 4'b0010 
	Parameter C_FAMILY bound to: nofamily - type: string 
INFO: [Synth 8-256] done synthesizing module 'system_xadc_wiz_0_0_pselect_f__parameterized11' (1#1) [/home/mitchellorsucci/DigilentRepos/Arty-S7-50-base-rt/src/bd/system/ip/system_xadc_wiz_0_0/proc_common_v3_30_a/hdl/src/vhdl/system_xadc_wiz_0_0_pselect_f.vhd:167]
INFO: [Synth 8-638] synthesizing module 'system_xadc_wiz_0_0_pselect_f__parameterized12' [/home/mitchellorsucci/DigilentRepos/Arty-S7-50-base-rt/src/bd/system/ip/system_xadc_wiz_0_0/proc_common_v3_30_a/hdl/src/vhdl/system_xadc_wiz_0_0_pselect_f.vhd:167]
	Parameter C_AB bound to: 4 - type: integer 
	Parameter C_AW bound to: 4 - type: integer 
	Parameter C_BAR bound to: 4'b0011 
	Parameter C_FAMILY bound to: nofamily - type: string 
INFO: [Synth 8-256] done synthesizing module 'system_xadc_wiz_0_0_pselect_f__parameterized12' (1#1) [/home/mitchellorsucci/DigilentRepos/Arty-S7-50-base-rt/src/bd/system/ip/system_xadc_wiz_0_0/proc_common_v3_30_a/hdl/src/vhdl/system_xadc_wiz_0_0_pselect_f.vhd:167]
INFO: [Synth 8-638] synthesizing module 'system_xadc_wiz_0_0_pselect_f__parameterized13' [/home/mitchellorsucci/DigilentRepos/Arty-S7-50-base-rt/src/bd/system/ip/system_xadc_wiz_0_0/proc_common_v3_30_a/hdl/src/vhdl/system_xadc_wiz_0_0_pselect_f.vhd:167]
	Parameter C_AB bound to: 4 - type: integer 
	Parameter C_AW bound to: 4 - type: integer 
	Parameter C_BAR bound to: 4'b0100 
	Parameter C_FAMILY bound to: nofamily - type: string 
INFO: [Synth 8-256] done synthesizing module 'system_xadc_wiz_0_0_pselect_f__parameterized13' (1#1) [/home/mitchellorsucci/DigilentRepos/Arty-S7-50-base-rt/src/bd/system/ip/system_xadc_wiz_0_0/proc_common_v3_30_a/hdl/src/vhdl/system_xadc_wiz_0_0_pselect_f.vhd:167]
INFO: [Synth 8-638] synthesizing module 'system_xadc_wiz_0_0_pselect_f__parameterized14' [/home/mitchellorsucci/DigilentRepos/Arty-S7-50-base-rt/src/bd/system/ip/system_xadc_wiz_0_0/proc_common_v3_30_a/hdl/src/vhdl/system_xadc_wiz_0_0_pselect_f.vhd:167]
	Parameter C_AB bound to: 4 - type: integer 
	Parameter C_AW bound to: 4 - type: integer 
	Parameter C_BAR bound to: 4'b0101 
	Parameter C_FAMILY bound to: nofamily - type: string 
INFO: [Synth 8-256] done synthesizing module 'system_xadc_wiz_0_0_pselect_f__parameterized14' (1#1) [/home/mitchellorsucci/DigilentRepos/Arty-S7-50-base-rt/src/bd/system/ip/system_xadc_wiz_0_0/proc_common_v3_30_a/hdl/src/vhdl/system_xadc_wiz_0_0_pselect_f.vhd:167]
INFO: [Synth 8-638] synthesizing module 'system_xadc_wiz_0_0_pselect_f__parameterized15' [/home/mitchellorsucci/DigilentRepos/Arty-S7-50-base-rt/src/bd/system/ip/system_xadc_wiz_0_0/proc_common_v3_30_a/hdl/src/vhdl/system_xadc_wiz_0_0_pselect_f.vhd:167]
	Parameter C_AB bound to: 4 - type: integer 
	Parameter C_AW bound to: 4 - type: integer 
	Parameter C_BAR bound to: 4'b0110 
	Parameter C_FAMILY bound to: nofamily - type: string 
INFO: [Synth 8-256] done synthesizing module 'system_xadc_wiz_0_0_pselect_f__parameterized15' (1#1) [/home/mitchellorsucci/DigilentRepos/Arty-S7-50-base-rt/src/bd/system/ip/system_xadc_wiz_0_0/proc_common_v3_30_a/hdl/src/vhdl/system_xadc_wiz_0_0_pselect_f.vhd:167]
INFO: [Synth 8-638] synthesizing module 'system_xadc_wiz_0_0_pselect_f__parameterized16' [/home/mitchellorsucci/DigilentRepos/Arty-S7-50-base-rt/src/bd/system/ip/system_xadc_wiz_0_0/proc_common_v3_30_a/hdl/src/vhdl/system_xadc_wiz_0_0_pselect_f.vhd:167]
	Parameter C_AB bound to: 4 - type: integer 
	Parameter C_AW bound to: 4 - type: integer 
	Parameter C_BAR bound to: 4'b0111 
	Parameter C_FAMILY bound to: nofamily - type: string 
INFO: [Synth 8-256] done synthesizing module 'system_xadc_wiz_0_0_pselect_f__parameterized16' (1#1) [/home/mitchellorsucci/DigilentRepos/Arty-S7-50-base-rt/src/bd/system/ip/system_xadc_wiz_0_0/proc_common_v3_30_a/hdl/src/vhdl/system_xadc_wiz_0_0_pselect_f.vhd:167]
INFO: [Synth 8-638] synthesizing module 'system_xadc_wiz_0_0_pselect_f__parameterized17' [/home/mitchellorsucci/DigilentRepos/Arty-S7-50-base-rt/src/bd/system/ip/system_xadc_wiz_0_0/proc_common_v3_30_a/hdl/src/vhdl/system_xadc_wiz_0_0_pselect_f.vhd:167]
	Parameter C_AB bound to: 4 - type: integer 
	Parameter C_AW bound to: 4 - type: integer 
	Parameter C_BAR bound to: 4'b1000 
	Parameter C_FAMILY bound to: nofamily - type: string 
INFO: [Synth 8-256] done synthesizing module 'system_xadc_wiz_0_0_pselect_f__parameterized17' (1#1) [/home/mitchellorsucci/DigilentRepos/Arty-S7-50-base-rt/src/bd/system/ip/system_xadc_wiz_0_0/proc_common_v3_30_a/hdl/src/vhdl/system_xadc_wiz_0_0_pselect_f.vhd:167]
INFO: [Synth 8-638] synthesizing module 'system_xadc_wiz_0_0_pselect_f__parameterized18' [/home/mitchellorsucci/DigilentRepos/Arty-S7-50-base-rt/src/bd/system/ip/system_xadc_wiz_0_0/proc_common_v3_30_a/hdl/src/vhdl/system_xadc_wiz_0_0_pselect_f.vhd:167]
	Parameter C_AB bound to: 4 - type: integer 
	Parameter C_AW bound to: 4 - type: integer 
	Parameter C_BAR bound to: 4'b1001 
	Parameter C_FAMILY bound to: nofamily - type: string 
INFO: [Synth 8-256] done synthesizing module 'system_xadc_wiz_0_0_pselect_f__parameterized18' (1#1) [/home/mitchellorsucci/DigilentRepos/Arty-S7-50-base-rt/src/bd/system/ip/system_xadc_wiz_0_0/proc_common_v3_30_a/hdl/src/vhdl/system_xadc_wiz_0_0_pselect_f.vhd:167]
INFO: [Synth 8-638] synthesizing module 'system_xadc_wiz_0_0_pselect_f__parameterized19' [/home/mitchellorsucci/DigilentRepos/Arty-S7-50-base-rt/src/bd/system/ip/system_xadc_wiz_0_0/proc_common_v3_30_a/hdl/src/vhdl/system_xadc_wiz_0_0_pselect_f.vhd:167]
	Parameter C_AB bound to: 4 - type: integer 
	Parameter C_AW bound to: 4 - type: integer 
	Parameter C_BAR bound to: 4'b1010 
	Parameter C_FAMILY bound to: nofamily - type: string 
INFO: [Synth 8-256] done synthesizing module 'system_xadc_wiz_0_0_pselect_f__parameterized19' (1#1) [/home/mitchellorsucci/DigilentRepos/Arty-S7-50-base-rt/src/bd/system/ip/system_xadc_wiz_0_0/proc_common_v3_30_a/hdl/src/vhdl/system_xadc_wiz_0_0_pselect_f.vhd:167]
INFO: [Synth 8-638] synthesizing module 'system_xadc_wiz_0_0_pselect_f__parameterized20' [/home/mitchellorsucci/DigilentRepos/Arty-S7-50-base-rt/src/bd/system/ip/system_xadc_wiz_0_0/proc_common_v3_30_a/hdl/src/vhdl/system_xadc_wiz_0_0_pselect_f.vhd:167]
	Parameter C_AB bound to: 4 - type: integer 
	Parameter C_AW bound to: 4 - type: integer 
	Parameter C_BAR bound to: 4'b1011 
	Parameter C_FAMILY bound to: nofamily - type: string 
INFO: [Synth 8-256] done synthesizing module 'system_xadc_wiz_0_0_pselect_f__parameterized20' (1#1) [/home/mitchellorsucci/DigilentRepos/Arty-S7-50-base-rt/src/bd/system/ip/system_xadc_wiz_0_0/proc_common_v3_30_a/hdl/src/vhdl/system_xadc_wiz_0_0_pselect_f.vhd:167]
INFO: [Synth 8-638] synthesizing module 'system_xadc_wiz_0_0_pselect_f__parameterized21' [/home/mitchellorsucci/DigilentRepos/Arty-S7-50-base-rt/src/bd/system/ip/system_xadc_wiz_0_0/proc_common_v3_30_a/hdl/src/vhdl/system_xadc_wiz_0_0_pselect_f.vhd:167]
	Parameter C_AB bound to: 4 - type: integer 
	Parameter C_AW bound to: 4 - type: integer 
	Parameter C_BAR bound to: 4'b1100 
	Parameter C_FAMILY bound to: nofamily - type: string 
INFO: [Synth 8-256] done synthesizing module 'system_xadc_wiz_0_0_pselect_f__parameterized21' (1#1) [/home/mitchellorsucci/DigilentRepos/Arty-S7-50-base-rt/src/bd/system/ip/system_xadc_wiz_0_0/proc_common_v3_30_a/hdl/src/vhdl/system_xadc_wiz_0_0_pselect_f.vhd:167]
INFO: [Synth 8-638] synthesizing module 'system_xadc_wiz_0_0_pselect_f__parameterized22' [/home/mitchellorsucci/DigilentRepos/Arty-S7-50-base-rt/src/bd/system/ip/system_xadc_wiz_0_0/proc_common_v3_30_a/hdl/src/vhdl/system_xadc_wiz_0_0_pselect_f.vhd:167]
	Parameter C_AB bound to: 4 - type: integer 
	Parameter C_AW bound to: 4 - type: integer 
	Parameter C_BAR bound to: 4'b1101 
	Parameter C_FAMILY bound to: nofamily - type: string 
INFO: [Synth 8-256] done synthesizing module 'system_xadc_wiz_0_0_pselect_f__parameterized22' (1#1) [/home/mitchellorsucci/DigilentRepos/Arty-S7-50-base-rt/src/bd/system/ip/system_xadc_wiz_0_0/proc_common_v3_30_a/hdl/src/vhdl/system_xadc_wiz_0_0_pselect_f.vhd:167]
INFO: [Synth 8-638] synthesizing module 'system_xadc_wiz_0_0_pselect_f__parameterized23' [/home/mitchellorsucci/DigilentRepos/Arty-S7-50-base-rt/src/bd/system/ip/system_xadc_wiz_0_0/proc_common_v3_30_a/hdl/src/vhdl/system_xadc_wiz_0_0_pselect_f.vhd:167]
	Parameter C_AB bound to: 4 - type: integer 
	Parameter C_AW bound to: 4 - type: integer 
	Parameter C_BAR bound to: 4'b1110 
	Parameter C_FAMILY bound to: nofamily - type: string 
INFO: [Synth 8-256] done synthesizing module 'system_xadc_wiz_0_0_pselect_f__parameterized23' (1#1) [/home/mitchellorsucci/DigilentRepos/Arty-S7-50-base-rt/src/bd/system/ip/system_xadc_wiz_0_0/proc_common_v3_30_a/hdl/src/vhdl/system_xadc_wiz_0_0_pselect_f.vhd:167]
INFO: [Synth 8-638] synthesizing module 'system_xadc_wiz_0_0_pselect_f__parameterized24' [/home/mitchellorsucci/DigilentRepos/Arty-S7-50-base-rt/src/bd/system/ip/system_xadc_wiz_0_0/proc_common_v3_30_a/hdl/src/vhdl/system_xadc_wiz_0_0_pselect_f.vhd:167]
	Parameter C_AB bound to: 4 - type: integer 
	Parameter C_AW bound to: 4 - type: integer 
	Parameter C_BAR bound to: 4'b1111 
	Parameter C_FAMILY bound to: nofamily - type: string 
INFO: [Synth 8-256] done synthesizing module 'system_xadc_wiz_0_0_pselect_f__parameterized24' (1#1) [/home/mitchellorsucci/DigilentRepos/Arty-S7-50-base-rt/src/bd/system/ip/system_xadc_wiz_0_0/proc_common_v3_30_a/hdl/src/vhdl/system_xadc_wiz_0_0_pselect_f.vhd:167]
INFO: [Synth 8-638] synthesizing module 'system_xadc_wiz_0_0_pselect_f__parameterized25' [/home/mitchellorsucci/DigilentRepos/Arty-S7-50-base-rt/src/bd/system/ip/system_xadc_wiz_0_0/proc_common_v3_30_a/hdl/src/vhdl/system_xadc_wiz_0_0_pselect_f.vhd:167]
	Parameter C_AB bound to: 1 - type: integer 
	Parameter C_AW bound to: 10 - type: integer 
	Parameter C_BAR bound to: 10'b1000000000 
	Parameter C_FAMILY bound to: nofamily - type: string 
INFO: [Synth 8-256] done synthesizing module 'system_xadc_wiz_0_0_pselect_f__parameterized25' (1#1) [/home/mitchellorsucci/DigilentRepos/Arty-S7-50-base-rt/src/bd/system/ip/system_xadc_wiz_0_0/proc_common_v3_30_a/hdl/src/vhdl/system_xadc_wiz_0_0_pselect_f.vhd:167]
INFO: [Synth 8-256] done synthesizing module 'system_xadc_wiz_0_0_address_decoder' (2#1) [/home/mitchellorsucci/DigilentRepos/Arty-S7-50-base-rt/src/bd/system/ip/system_xadc_wiz_0_0/axi_lite_ipif_v1_01_a/hdl/src/vhdl/system_xadc_wiz_0_0_address_decoder.vhd:176]
INFO: [Synth 8-226] default block is never used [/home/mitchellorsucci/DigilentRepos/Arty-S7-50-base-rt/src/bd/system/ip/system_xadc_wiz_0_0/axi_lite_ipif_v1_01_a/hdl/src/vhdl/system_xadc_wiz_0_0_slave_attachment.vhd:381]
INFO: [Synth 8-256] done synthesizing module 'system_xadc_wiz_0_0_slave_attachment' (3#1) [/home/mitchellorsucci/DigilentRepos/Arty-S7-50-base-rt/src/bd/system/ip/system_xadc_wiz_0_0/axi_lite_ipif_v1_01_a/hdl/src/vhdl/system_xadc_wiz_0_0_slave_attachment.vhd:227]
INFO: [Synth 8-256] done synthesizing module 'system_xadc_wiz_0_0_axi_lite_ipif' (4#1) [/home/mitchellorsucci/DigilentRepos/Arty-S7-50-base-rt/src/bd/system/ip/system_xadc_wiz_0_0/axi_lite_ipif_v1_01_a/hdl/src/vhdl/system_xadc_wiz_0_0_axi_lite_ipif.vhd:241]
	Parameter C_S_AXI_ADDR_WIDTH bound to: 11 - type: integer 
	Parameter C_S_AXI_DATA_WIDTH bound to: 32 - type: integer 
	Parameter C_FAMILY bound to: virtex7 - type: string 
	Parameter CE_NUMBERS bound to: 9 - type: integer 
	Parameter IP_INTR_NUM bound to: 17 - type: integer 
	Parameter C_SIM_MONITOR_FILE bound to: design.txt - type: string 
	Parameter MUX_ADDR_NO bound to: 5 - type: integer 
INFO: [Synth 8-3491] module 'system_xadc_wiz_0_0_xadc_core_drp' declared at '/home/mitchellorsucci/DigilentRepos/Arty-S7-50-base-rt/src/bd/system/ip/system_xadc_wiz_0_0/system_xadc_wiz_0_0_xadc_core_drp.vhd:141' bound to instance 'AXI_XADC_CORE_I' of component 'system_xadc_wiz_0_0_xadc_core_drp' [/home/mitchellorsucci/DigilentRepos/Arty-S7-50-base-rt/src/bd/system/ip/system_xadc_wiz_0_0/system_xadc_wiz_0_0_axi_xadc.vhd:726]
INFO: [Synth 8-638] synthesizing module 'system_xadc_wiz_0_0_xadc_core_drp' [/home/mitchellorsucci/DigilentRepos/Arty-S7-50-base-rt/src/bd/system/ip/system_xadc_wiz_0_0/system_xadc_wiz_0_0_xadc_core_drp.vhd:203]
	Parameter C_S_AXI_ADDR_WIDTH bound to: 11 - type: integer 
	Parameter C_S_AXI_DATA_WIDTH bound to: 32 - type: integer 
	Parameter C_FAMILY bound to: virtex7 - type: string 
	Parameter CE_NUMBERS bound to: 9 - type: integer 
	Parameter IP_INTR_NUM bound to: 17 - type: integer 
	Parameter C_SIM_MONITOR_FILE bound to: design.txt - type: string 
	Parameter MUX_ADDR_NO bound to: 5 - type: integer 
INFO: [Synth 8-3491] module 'temperature_update' declared at '/home/mitchellorsucci/DigilentRepos/Arty-S7-50-base-rt/src/bd/system/ip/system_xadc_wiz_0_0/system_xadc_wiz_0_0_temperature_update.vhd:53' bound to instance 'temperature_update_inst' of component 'temperature_update' [/home/mitchellorsucci/DigilentRepos/Arty-S7-50-base-rt/src/bd/system/ip/system_xadc_wiz_0_0/system_xadc_wiz_0_0_xadc_core_drp.vhd:952]
INFO: [Synth 8-638] synthesizing module 'temperature_update' [/home/mitchellorsucci/DigilentRepos/Arty-S7-50-base-rt/src/bd/system/ip/system_xadc_wiz_0_0/system_xadc_wiz_0_0_temperature_update.vhd:71]
INFO: [Synth 8-226] default block is never used [/home/mitchellorsucci/DigilentRepos/Arty-S7-50-base-rt/src/bd/system/ip/system_xadc_wiz_0_0/system_xadc_wiz_0_0_temperature_update.vhd:93]
INFO: [Synth 8-256] done synthesizing module 'temperature_update' (5#1) [/home/mitchellorsucci/DigilentRepos/Arty-S7-50-base-rt/src/bd/system/ip/system_xadc_wiz_0_0/system_xadc_wiz_0_0_temperature_update.vhd:71]
INFO: [Synth 8-3491] module 'drp_arbiter' declared at '/home/mitchellorsucci/DigilentRepos/Arty-S7-50-base-rt/src/bd/system/ip/system_xadc_wiz_0_0/system_xadc_wiz_0_0_drp_arbiter.vhd:51' bound to instance 'Inst_drp_arbiter' of component 'drp_arbiter' [/home/mitchellorsucci/DigilentRepos/Arty-S7-50-base-rt/src/bd/system/ip/system_xadc_wiz_0_0/system_xadc_wiz_0_0_xadc_core_drp.vhd:967]
INFO: [Synth 8-638] synthesizing module 'drp_arbiter' [/home/mitchellorsucci/DigilentRepos/Arty-S7-50-base-rt/src/bd/system/ip/system_xadc_wiz_0_0/system_xadc_wiz_0_0_drp_arbiter.vhd:82]
INFO: [Synth 8-256] done synthesizing module 'drp_arbiter' (6#1) [/home/mitchellorsucci/DigilentRepos/Arty-S7-50-base-rt/src/bd/system/ip/system_xadc_wiz_0_0/system_xadc_wiz_0_0_drp_arbiter.vhd:82]
	Parameter INIT_40 bound to: 16'b0000000000000000 
	Parameter INIT_41 bound to: 16'b0010000110100000 
	Parameter INIT_42 bound to: 16'b0001010000000000 
	Parameter INIT_43 bound to: 16'b0000000000000000 
	Parameter INIT_44 bound to: 16'b0000000000000000 
	Parameter INIT_45 bound to: 16'b0000000000000000 
	Parameter INIT_46 bound to: 16'b0000000000000000 
	Parameter INIT_47 bound to: 16'b0000000000000000 
	Parameter INIT_48 bound to: 16'b0000100100000000 
	Parameter INIT_49 bound to: 16'b0000111100001111 
	Parameter INIT_4A bound to: 16'b0000000000000000 
	Parameter INIT_4B bound to: 16'b0000000000000000 
	Parameter INIT_4C bound to: 16'b0000000000000000 
	Parameter INIT_4D bound to: 16'b0000000000000000 
	Parameter INIT_4E bound to: 16'b0000000000000000 
	Parameter INIT_4F bound to: 16'b0000000000000000 
	Parameter INIT_50 bound to: 16'b1011010111101101 
	Parameter INIT_51 bound to: 16'b0101011111100100 
	Parameter INIT_52 bound to: 16'b1010000101000111 
	Parameter INIT_53 bound to: 16'b1100101000110011 
	Parameter INIT_54 bound to: 16'b1010100100111010 
	Parameter INIT_55 bound to: 16'b0101001011000110 
	Parameter INIT_56 bound to: 16'b1001010101010101 
	Parameter INIT_57 bound to: 16'b1010111001001110 
	Parameter INIT_58 bound to: 16'b0101100110011001 
	Parameter INIT_59 bound to: 16'b0000000000000000 
	Parameter INIT_5A bound to: 16'b0000000000000000 
	Parameter INIT_5B bound to: 16'b0000000000000000 
	Parameter INIT_5C bound to: 16'b0101000100010001 
	Parameter INIT_5D bound to: 16'b0000000000000000 
	Parameter INIT_5E bound to: 16'b0000000000000000 
	Parameter INIT_5F bound to: 16'b0000000000000000 
	Parameter IS_CONVSTCLK_INVERTED bound to: 1'b0 
	Parameter IS_DCLK_INVERTED bound to: 1'b0 
	Parameter SIM_DEVICE bound to: 7SERIES - type: string 
	Parameter SIM_MONITOR_FILE bound to: design.txt - type: string 
INFO: [Synth 8-113] binding component instance 'XADC_INST' to cell 'XADC' [/home/mitchellorsucci/DigilentRepos/Arty-S7-50-base-rt/src/bd/system/ip/system_xadc_wiz_0_0/system_xadc_wiz_0_0_xadc_core_drp.vhd:1080]
WARNING: [Synth 8-6014] Unused sequential element convst_reg_input_reg was removed.  [/home/mitchellorsucci/DigilentRepos/Arty-S7-50-base-rt/src/bd/system/ip/system_xadc_wiz_0_0/system_xadc_wiz_0_0_xadc_core_drp.vhd:563]
INFO: [Synth 8-256] done synthesizing module 'system_xadc_wiz_0_0_xadc_core_drp' (7#1) [/home/mitchellorsucci/DigilentRepos/Arty-S7-50-base-rt/src/bd/system/ip/system_xadc_wiz_0_0/system_xadc_wiz_0_0_xadc_core_drp.vhd:203]
INFO: [Synth 8-638] synthesizing module 'system_xadc_wiz_0_0_soft_reset' [/home/mitchellorsucci/DigilentRepos/Arty-S7-50-base-rt/src/bd/system/ip/system_xadc_wiz_0_0/proc_common_v3_30_a/hdl/src/vhdl/system_xadc_wiz_0_0_soft_reset.vhd:142]
	Parameter C_SIPIF_DWIDTH bound to: 32 - type: integer 
	Parameter C_RESET_WIDTH bound to: 16 - type: integer 
	Parameter INIT bound to: 1'b0 
	Parameter IS_CE_INVERTED bound to: 1'b0 
	Parameter IS_C_INVERTED bound to: 1'b0 
	Parameter IS_D_INVERTED bound to: 1'b0 
	Parameter IS_R_INVERTED bound to: 1'b0 
	Parameter IS_S_INVERTED bound to: 1'b0 
INFO: [Synth 8-113] binding component instance 'RST_FLOPS' to cell 'FDRSE' [/home/mitchellorsucci/DigilentRepos/Arty-S7-50-base-rt/src/bd/system/ip/system_xadc_wiz_0_0/proc_common_v3_30_a/hdl/src/vhdl/system_xadc_wiz_0_0_soft_reset.vhd:273]
	Parameter INIT bound to: 1'b0 
	Parameter IS_CE_INVERTED bound to: 1'b0 
	Parameter IS_C_INVERTED bound to: 1'b0 
	Parameter IS_D_INVERTED bound to: 1'b0 
	Parameter IS_R_INVERTED bound to: 1'b0 
	Parameter IS_S_INVERTED bound to: 1'b0 
INFO: [Synth 8-113] binding component instance 'RST_FLOPS' to cell 'FDRSE' [/home/mitchellorsucci/DigilentRepos/Arty-S7-50-base-rt/src/bd/system/ip/system_xadc_wiz_0_0/proc_common_v3_30_a/hdl/src/vhdl/system_xadc_wiz_0_0_soft_reset.vhd:273]
	Parameter INIT bound to: 1'b0 
	Parameter IS_CE_INVERTED bound to: 1'b0 
	Parameter IS_C_INVERTED bound to: 1'b0 
	Parameter IS_D_INVERTED bound to: 1'b0 
	Parameter IS_R_INVERTED bound to: 1'b0 
	Parameter IS_S_INVERTED bound to: 1'b0 
INFO: [Synth 8-113] binding component instance 'RST_FLOPS' to cell 'FDRSE' [/home/mitchellorsucci/DigilentRepos/Arty-S7-50-base-rt/src/bd/system/ip/system_xadc_wiz_0_0/proc_common_v3_30_a/hdl/src/vhdl/system_xadc_wiz_0_0_soft_reset.vhd:273]
	Parameter INIT bound to: 1'b0 
	Parameter IS_CE_INVERTED bound to: 1'b0 
	Parameter IS_C_INVERTED bound to: 1'b0 
	Parameter IS_D_INVERTED bound to: 1'b0 
	Parameter IS_R_INVERTED bound to: 1'b0 
	Parameter IS_S_INVERTED bound to: 1'b0 
INFO: [Synth 8-113] binding component instance 'RST_FLOPS' to cell 'FDRSE' [/home/mitchellorsucci/DigilentRepos/Arty-S7-50-base-rt/src/bd/system/ip/system_xadc_wiz_0_0/proc_common_v3_30_a/hdl/src/vhdl/system_xadc_wiz_0_0_soft_reset.vhd:273]
	Parameter INIT bound to: 1'b0 
	Parameter IS_CE_INVERTED bound to: 1'b0 
	Parameter IS_C_INVERTED bound to: 1'b0 
	Parameter IS_D_INVERTED bound to: 1'b0 
	Parameter IS_R_INVERTED bound to: 1'b0 
	Parameter IS_S_INVERTED bound to: 1'b0 
INFO: [Synth 8-113] binding component instance 'RST_FLOPS' to cell 'FDRSE' [/home/mitchellorsucci/DigilentRepos/Arty-S7-50-base-rt/src/bd/system/ip/system_xadc_wiz_0_0/proc_common_v3_30_a/hdl/src/vhdl/system_xadc_wiz_0_0_soft_reset.vhd:273]
	Parameter INIT bound to: 1'b0 
	Parameter IS_CE_INVERTED bound to: 1'b0 
	Parameter IS_C_INVERTED bound to: 1'b0 
	Parameter IS_D_INVERTED bound to: 1'b0 
	Parameter IS_R_INVERTED bound to: 1'b0 
	Parameter IS_S_INVERTED bound to: 1'b0 
INFO: [Synth 8-113] binding component instance 'RST_FLOPS' to cell 'FDRSE' [/home/mitchellorsucci/DigilentRepos/Arty-S7-50-base-rt/src/bd/system/ip/system_xadc_wiz_0_0/proc_common_v3_30_a/hdl/src/vhdl/system_xadc_wiz_0_0_soft_reset.vhd:273]
	Parameter INIT bound to: 1'b0 
	Parameter IS_CE_INVERTED bound to: 1'b0 
	Parameter IS_C_INVERTED bound to: 1'b0 
	Parameter IS_D_INVERTED bound to: 1'b0 
	Parameter IS_R_INVERTED bound to: 1'b0 
	Parameter IS_S_INVERTED bound to: 1'b0 
INFO: [Synth 8-113] binding component instance 'RST_FLOPS' to cell 'FDRSE' [/home/mitchellorsucci/DigilentRepos/Arty-S7-50-base-rt/src/bd/system/ip/system_xadc_wiz_0_0/proc_common_v3_30_a/hdl/src/vhdl/system_xadc_wiz_0_0_soft_reset.vhd:273]
	Parameter INIT bound to: 1'b0 
	Parameter IS_CE_INVERTED bound to: 1'b0 
	Parameter IS_C_INVERTED bound to: 1'b0 
	Parameter IS_D_INVERTED bound to: 1'b0 
	Parameter IS_R_INVERTED bound to: 1'b0 
	Parameter IS_S_INVERTED bound to: 1'b0 
INFO: [Synth 8-113] binding component instance 'RST_FLOPS' to cell 'FDRSE' [/home/mitchellorsucci/DigilentRepos/Arty-S7-50-base-rt/src/bd/system/ip/system_xadc_wiz_0_0/proc_common_v3_30_a/hdl/src/vhdl/system_xadc_wiz_0_0_soft_reset.vhd:273]
	Parameter INIT bound to: 1'b0 
	Parameter IS_CE_INVERTED bound to: 1'b0 
	Parameter IS_C_INVERTED bound to: 1'b0 
	Parameter IS_D_INVERTED bound to: 1'b0 
	Parameter IS_R_INVERTED bound to: 1'b0 
	Parameter IS_S_INVERTED bound to: 1'b0 
INFO: [Synth 8-113] binding component instance 'RST_FLOPS' to cell 'FDRSE' [/home/mitchellorsucci/DigilentRepos/Arty-S7-50-base-rt/src/bd/system/ip/system_xadc_wiz_0_0/proc_common_v3_30_a/hdl/src/vhdl/system_xadc_wiz_0_0_soft_reset.vhd:273]
	Parameter INIT bound to: 1'b0 
	Parameter IS_CE_INVERTED bound to: 1'b0 
	Parameter IS_C_INVERTED bound to: 1'b0 
	Parameter IS_D_INVERTED bound to: 1'b0 
	Parameter IS_R_INVERTED bound to: 1'b0 
	Parameter IS_S_INVERTED bound to: 1'b0 
INFO: [Synth 8-113] binding component instance 'RST_FLOPS' to cell 'FDRSE' [/home/mitchellorsucci/DigilentRepos/Arty-S7-50-base-rt/src/bd/system/ip/system_xadc_wiz_0_0/proc_common_v3_30_a/hdl/src/vhdl/system_xadc_wiz_0_0_soft_reset.vhd:273]
	Parameter INIT bound to: 1'b0 
	Parameter IS_CE_INVERTED bound to: 1'b0 
	Parameter IS_C_INVERTED bound to: 1'b0 
	Parameter IS_D_INVERTED bound to: 1'b0 
	Parameter IS_R_INVERTED bound to: 1'b0 
	Parameter IS_S_INVERTED bound to: 1'b0 
INFO: [Synth 8-113] binding component instance 'RST_FLOPS' to cell 'FDRSE' [/home/mitchellorsucci/DigilentRepos/Arty-S7-50-base-rt/src/bd/system/ip/system_xadc_wiz_0_0/proc_common_v3_30_a/hdl/src/vhdl/system_xadc_wiz_0_0_soft_reset.vhd:273]
	Parameter INIT bound to: 1'b0 
	Parameter IS_CE_INVERTED bound to: 1'b0 
	Parameter IS_C_INVERTED bound to: 1'b0 
	Parameter IS_D_INVERTED bound to: 1'b0 
	Parameter IS_R_INVERTED bound to: 1'b0 
	Parameter IS_S_INVERTED bound to: 1'b0 
INFO: [Synth 8-113] binding component instance 'RST_FLOPS' to cell 'FDRSE' [/home/mitchellorsucci/DigilentRepos/Arty-S7-50-base-rt/src/bd/system/ip/system_xadc_wiz_0_0/proc_common_v3_30_a/hdl/src/vhdl/system_xadc_wiz_0_0_soft_reset.vhd:273]
	Parameter INIT bound to: 1'b0 
	Parameter IS_CE_INVERTED bound to: 1'b0 
	Parameter IS_C_INVERTED bound to: 1'b0 
	Parameter IS_D_INVERTED bound to: 1'b0 
	Parameter IS_R_INVERTED bound to: 1'b0 
	Parameter IS_S_INVERTED bound to: 1'b0 
INFO: [Synth 8-113] binding component instance 'RST_FLOPS' to cell 'FDRSE' [/home/mitchellorsucci/DigilentRepos/Arty-S7-50-base-rt/src/bd/system/ip/system_xadc_wiz_0_0/proc_common_v3_30_a/hdl/src/vhdl/system_xadc_wiz_0_0_soft_reset.vhd:273]
	Parameter INIT bound to: 1'b0 
	Parameter IS_CE_INVERTED bound to: 1'b0 
	Parameter IS_C_INVERTED bound to: 1'b0 
	Parameter IS_D_INVERTED bound to: 1'b0 
	Parameter IS_R_INVERTED bound to: 1'b0 
	Parameter IS_S_INVERTED bound to: 1'b0 
INFO: [Synth 8-113] binding component instance 'RST_FLOPS' to cell 'FDRSE' [/home/mitchellorsucci/DigilentRepos/Arty-S7-50-base-rt/src/bd/system/ip/system_xadc_wiz_0_0/proc_common_v3_30_a/hdl/src/vhdl/system_xadc_wiz_0_0_soft_reset.vhd:273]
	Parameter INIT bound to: 1'b0 
	Parameter IS_CE_INVERTED bound to: 1'b0 
	Parameter IS_C_INVERTED bound to: 1'b0 
	Parameter IS_D_INVERTED bound to: 1'b0 
	Parameter IS_R_INVERTED bound to: 1'b0 
	Parameter IS_S_INVERTED bound to: 1'b0 
INFO: [Synth 8-113] binding component instance 'RST_FLOPS' to cell 'FDRSE' [/home/mitchellorsucci/DigilentRepos/Arty-S7-50-base-rt/src/bd/system/ip/system_xadc_wiz_0_0/proc_common_v3_30_a/hdl/src/vhdl/system_xadc_wiz_0_0_soft_reset.vhd:273]
	Parameter INIT bound to: 1'b0 
	Parameter IS_CE_INVERTED bound to: 1'b0 
	Parameter IS_C_INVERTED bound to: 1'b0 
	Parameter IS_D_INVERTED bound to: 1'b0 
	Parameter IS_R_INVERTED bound to: 1'b0 
	Parameter IS_S_INVERTED bound to: 1'b0 
INFO: [Synth 8-113] binding component instance 'RST_FLOPS' to cell 'FDRSE' [/home/mitchellorsucci/DigilentRepos/Arty-S7-50-base-rt/src/bd/system/ip/system_xadc_wiz_0_0/proc_common_v3_30_a/hdl/src/vhdl/system_xadc_wiz_0_0_soft_reset.vhd:273]
	Parameter INIT bound to: 1'b0 
	Parameter IS_CE_INVERTED bound to: 1'b0 
	Parameter IS_C_INVERTED bound to: 1'b0 
	Parameter IS_D_INVERTED bound to: 1'b0 
	Parameter IS_R_INVERTED bound to: 1'b0 
	Parameter IS_S_INVERTED bound to: 1'b0 
INFO: [Synth 8-113] binding component instance 'FF_WRACK' to cell 'FDRSE' [/home/mitchellorsucci/DigilentRepos/Arty-S7-50-base-rt/src/bd/system/ip/system_xadc_wiz_0_0/proc_common_v3_30_a/hdl/src/vhdl/system_xadc_wiz_0_0_soft_reset.vhd:296]
INFO: [Synth 8-256] done synthesizing module 'system_xadc_wiz_0_0_soft_reset' (8#1) [/home/mitchellorsucci/DigilentRepos/Arty-S7-50-base-rt/src/bd/system/ip/system_xadc_wiz_0_0/proc_common_v3_30_a/hdl/src/vhdl/system_xadc_wiz_0_0_soft_reset.vhd:142]
INFO: [Synth 8-638] synthesizing module 'system_xadc_wiz_0_0_interrupt_control' [/home/mitchellorsucci/DigilentRepos/Arty-S7-50-base-rt/src/bd/system/ip/system_xadc_wiz_0_0/interrupt_control_v2_01_a/hdl/src/vhdl/system_xadc_wiz_0_0_interrupt_control.vhd:240]
	Parameter C_NUM_CE bound to: 16 - type: integer 
	Parameter C_NUM_IPIF_IRPT_SRC bound to: 1 - type: integer 
	Parameter C_IP_INTR_MODE_ARRAY bound to: 544'b0000000000000000000000000000010100000000000000000000000000000101000000000000000000000000000001010000000000000000000000000000010100000000000000000000000000000101000000000000000000000000000001010000000000000000000000000000010100000000000000000000000000000101000000000000000000000000000001010000000000000000000000000000010100000000000000000000000000000101000000000000000000000000000001010000000000000000000000000000010100000000000000000000000000000101000000000000000000000000000001010000000000000000000000000000010100000000000000000000000000000101 
	Parameter C_INCLUDE_DEV_PENCODER bound to: 0 - type: bool 
	Parameter C_INCLUDE_DEV_ISC bound to: 0 - type: bool 
	Parameter C_IPIF_DWIDTH bound to: 32 - type: integer 
INFO: [Synth 8-256] done synthesizing module 'system_xadc_wiz_0_0_interrupt_control' (9#1) [/home/mitchellorsucci/DigilentRepos/Arty-S7-50-base-rt/src/bd/system/ip/system_xadc_wiz_0_0/interrupt_control_v2_01_a/hdl/src/vhdl/system_xadc_wiz_0_0_interrupt_control.vhd:240]
INFO: [Synth 8-256] done synthesizing module 'system_xadc_wiz_0_0_axi_xadc' (10#1) [/home/mitchellorsucci/DigilentRepos/Arty-S7-50-base-rt/src/bd/system/ip/system_xadc_wiz_0_0/system_xadc_wiz_0_0_axi_xadc.vhd:255]
INFO: [Synth 8-256] done synthesizing module 'system_xadc_wiz_0_0' (11#1) [/home/mitchellorsucci/DigilentRepos/Arty-S7-50-base-rt/src/bd/system/ip/system_xadc_wiz_0_0/system_xadc_wiz_0_0.vhd:117]
WARNING: [Synth 8-3331] design system_xadc_wiz_0_0_interrupt_control has unconnected port Bus2IP_Data[1]
WARNING: [Synth 8-3331] design system_xadc_wiz_0_0_interrupt_control has unconnected port Bus2IP_Data[2]
WARNING: [Synth 8-3331] design system_xadc_wiz_0_0_interrupt_control has unconnected port Bus2IP_Data[3]
WARNING: [Synth 8-3331] design system_xadc_wiz_0_0_interrupt_control has unconnected port Bus2IP_Data[4]
WARNING: [Synth 8-3331] design system_xadc_wiz_0_0_interrupt_control has unconnected port Bus2IP_Data[5]
WARNING: [Synth 8-3331] design system_xadc_wiz_0_0_interrupt_control has unconnected port Bus2IP_Data[6]
WARNING: [Synth 8-3331] design system_xadc_wiz_0_0_interrupt_control has unconnected port Bus2IP_Data[7]
WARNING: [Synth 8-3331] design system_xadc_wiz_0_0_interrupt_control has unconnected port Bus2IP_Data[8]
WARNING: [Synth 8-3331] design system_xadc_wiz_0_0_interrupt_control has unconnected port Bus2IP_Data[9]
WARNING: [Synth 8-3331] design system_xadc_wiz_0_0_interrupt_control has unconnected port Bus2IP_Data[10]
WARNING: [Synth 8-3331] design system_xadc_wiz_0_0_interrupt_control has unconnected port Bus2IP_Data[11]
WARNING: [Synth 8-3331] design system_xadc_wiz_0_0_interrupt_control has unconnected port Bus2IP_Data[12]
WARNING: [Synth 8-3331] design system_xadc_wiz_0_0_interrupt_control has unconnected port Bus2IP_Data[13]
WARNING: [Synth 8-3331] design system_xadc_wiz_0_0_interrupt_control has unconnected port Bus2IP_Data[14]
WARNING: [Synth 8-3331] design system_xadc_wiz_0_0_interrupt_control has unconnected port Bus2IP_BE[1]
WARNING: [Synth 8-3331] design system_xadc_wiz_0_0_interrupt_control has unconnected port Bus2IP_BE[2]
WARNING: [Synth 8-3331] design system_xadc_wiz_0_0_interrupt_control has unconnected port Bus2IP_BE[3]
WARNING: [Synth 8-3331] design system_xadc_wiz_0_0_interrupt_control has unconnected port Interrupt_RdCE[0]
WARNING: [Synth 8-3331] design system_xadc_wiz_0_0_interrupt_control has unconnected port Interrupt_RdCE[1]
WARNING: [Synth 8-3331] design system_xadc_wiz_0_0_interrupt_control has unconnected port Interrupt_RdCE[2]
WARNING: [Synth 8-3331] design system_xadc_wiz_0_0_interrupt_control has unconnected port Interrupt_RdCE[3]
WARNING: [Synth 8-3331] design system_xadc_wiz_0_0_interrupt_control has unconnected port Interrupt_RdCE[4]
WARNING: [Synth 8-3331] design system_xadc_wiz_0_0_interrupt_control has unconnected port Interrupt_RdCE[5]
WARNING: [Synth 8-3331] design system_xadc_wiz_0_0_interrupt_control has unconnected port Interrupt_RdCE[6]
WARNING: [Synth 8-3331] design system_xadc_wiz_0_0_interrupt_control has unconnected port Interrupt_RdCE[9]
WARNING: [Synth 8-3331] design system_xadc_wiz_0_0_interrupt_control has unconnected port Interrupt_RdCE[11]
WARNING: [Synth 8-3331] design system_xadc_wiz_0_0_interrupt_control has unconnected port Interrupt_RdCE[12]
WARNING: [Synth 8-3331] design system_xadc_wiz_0_0_interrupt_control has unconnected port Interrupt_RdCE[13]
WARNING: [Synth 8-3331] design system_xadc_wiz_0_0_interrupt_control has unconnected port Interrupt_RdCE[14]
WARNING: [Synth 8-3331] design system_xadc_wiz_0_0_interrupt_control has unconnected port Interrupt_RdCE[15]
WARNING: [Synth 8-3331] design system_xadc_wiz_0_0_interrupt_control has unconnected port Interrupt_WrCE[0]
WARNING: [Synth 8-3331] design system_xadc_wiz_0_0_interrupt_control has unconnected port Interrupt_WrCE[1]
WARNING: [Synth 8-3331] design system_xadc_wiz_0_0_interrupt_control has unconnected port Interrupt_WrCE[2]
WARNING: [Synth 8-3331] design system_xadc_wiz_0_0_interrupt_control has unconnected port Interrupt_WrCE[3]
WARNING: [Synth 8-3331] design system_xadc_wiz_0_0_interrupt_control has unconnected port Interrupt_WrCE[4]
WARNING: [Synth 8-3331] design system_xadc_wiz_0_0_interrupt_control has unconnected port Interrupt_WrCE[5]
WARNING: [Synth 8-3331] design system_xadc_wiz_0_0_interrupt_control has unconnected port Interrupt_WrCE[6]
WARNING: [Synth 8-3331] design system_xadc_wiz_0_0_interrupt_control has unconnected port Interrupt_WrCE[9]
WARNING: [Synth 8-3331] design system_xadc_wiz_0_0_interrupt_control has unconnected port Interrupt_WrCE[11]
WARNING: [Synth 8-3331] design system_xadc_wiz_0_0_interrupt_control has unconnected port Interrupt_WrCE[12]
WARNING: [Synth 8-3331] design system_xadc_wiz_0_0_interrupt_control has unconnected port Interrupt_WrCE[13]
WARNING: [Synth 8-3331] design system_xadc_wiz_0_0_interrupt_control has unconnected port Interrupt_WrCE[14]
WARNING: [Synth 8-3331] design system_xadc_wiz_0_0_interrupt_control has unconnected port Interrupt_WrCE[15]
WARNING: [Synth 8-3331] design system_xadc_wiz_0_0_interrupt_control has unconnected port IPIF_Reg_Interrupts[0]
WARNING: [Synth 8-3331] design system_xadc_wiz_0_0_interrupt_control has unconnected port IPIF_Reg_Interrupts[1]
WARNING: [Synth 8-3331] design system_xadc_wiz_0_0_interrupt_control has unconnected port IPIF_Lvl_Interrupts[0]
WARNING: [Synth 8-3331] design system_xadc_wiz_0_0_soft_reset has unconnected port Bus2IP_Data[0]
WARNING: [Synth 8-3331] design system_xadc_wiz_0_0_soft_reset has unconnected port Bus2IP_Data[1]
WARNING: [Synth 8-3331] design system_xadc_wiz_0_0_soft_reset has unconnected port Bus2IP_Data[2]
WARNING: [Synth 8-3331] design system_xadc_wiz_0_0_soft_reset has unconnected port Bus2IP_Data[3]
WARNING: [Synth 8-3331] design system_xadc_wiz_0_0_soft_reset has unconnected port Bus2IP_Data[4]
WARNING: [Synth 8-3331] design system_xadc_wiz_0_0_soft_reset has unconnected port Bus2IP_Data[5]
WARNING: [Synth 8-3331] design system_xadc_wiz_0_0_soft_reset has unconnected port Bus2IP_Data[6]
WARNING: [Synth 8-3331] design system_xadc_wiz_0_0_soft_reset has unconnected port Bus2IP_Data[7]
WARNING: [Synth 8-3331] design system_xadc_wiz_0_0_soft_reset has unconnected port Bus2IP_Data[8]
WARNING: [Synth 8-3331] design system_xadc_wiz_0_0_soft_reset has unconnected port Bus2IP_Data[9]
WARNING: [Synth 8-3331] design system_xadc_wiz_0_0_soft_reset has unconnected port Bus2IP_Data[10]
WARNING: [Synth 8-3331] design system_xadc_wiz_0_0_soft_reset has unconnected port Bus2IP_Data[11]
WARNING: [Synth 8-3331] design system_xadc_wiz_0_0_soft_reset has unconnected port Bus2IP_Data[12]
WARNING: [Synth 8-3331] design system_xadc_wiz_0_0_soft_reset has unconnected port Bus2IP_Data[13]
WARNING: [Synth 8-3331] design system_xadc_wiz_0_0_soft_reset has unconnected port Bus2IP_Data[14]
WARNING: [Synth 8-3331] design system_xadc_wiz_0_0_soft_reset has unconnected port Bus2IP_Data[15]
WARNING: [Synth 8-3331] design system_xadc_wiz_0_0_soft_reset has unconnected port Bus2IP_Data[16]
WARNING: [Synth 8-3331] design system_xadc_wiz_0_0_soft_reset has unconnected port Bus2IP_Data[17]
WARNING: [Synth 8-3331] design system_xadc_wiz_0_0_soft_reset has unconnected port Bus2IP_Data[18]
WARNING: [Synth 8-3331] design system_xadc_wiz_0_0_soft_reset has unconnected port Bus2IP_Data[19]
WARNING: [Synth 8-3331] design system_xadc_wiz_0_0_soft_reset has unconnected port Bus2IP_Data[20]
WARNING: [Synth 8-3331] design system_xadc_wiz_0_0_soft_reset has unconnected port Bus2IP_Data[21]
WARNING: [Synth 8-3331] design system_xadc_wiz_0_0_soft_reset has unconnected port Bus2IP_Data[22]
WARNING: [Synth 8-3331] design system_xadc_wiz_0_0_soft_reset has unconnected port Bus2IP_Data[23]
WARNING: [Synth 8-3331] design system_xadc_wiz_0_0_soft_reset has unconnected port Bus2IP_Data[24]
WARNING: [Synth 8-3331] design system_xadc_wiz_0_0_soft_reset has unconnected port Bus2IP_Data[25]
WARNING: [Synth 8-3331] design system_xadc_wiz_0_0_soft_reset has unconnected port Bus2IP_Data[26]
WARNING: [Synth 8-3331] design system_xadc_wiz_0_0_soft_reset has unconnected port Bus2IP_Data[27]
WARNING: [Synth 8-3331] design system_xadc_wiz_0_0_soft_reset has unconnected port Bus2IP_BE[0]
WARNING: [Synth 8-3331] design system_xadc_wiz_0_0_soft_reset has unconnected port Bus2IP_BE[1]
WARNING: [Synth 8-3331] design system_xadc_wiz_0_0_soft_reset has unconnected port Bus2IP_BE[2]
WARNING: [Synth 8-3331] design temperature_update has unconnected port temp_bus_update
WARNING: [Synth 8-3331] design temperature_update has unconnected port do_i[3]
WARNING: [Synth 8-3331] design temperature_update has unconnected port do_i[2]
WARNING: [Synth 8-3331] design temperature_update has unconnected port do_i[1]
WARNING: [Synth 8-3331] design temperature_update has unconnected port do_i[0]
WARNING: [Synth 8-3331] design system_xadc_wiz_0_0_xadc_core_drp has unconnected port Bus2IP_RdCE[0]
WARNING: [Synth 8-3331] design system_xadc_wiz_0_0_xadc_core_drp has unconnected port Bus2IP_RdCE[5]
WARNING: [Synth 8-3331] design system_xadc_wiz_0_0_xadc_core_drp has unconnected port Bus2IP_RdCE[6]
WARNING: [Synth 8-3331] design system_xadc_wiz_0_0_xadc_core_drp has unconnected port Bus2IP_RdCE[7]
WARNING: [Synth 8-3331] design system_xadc_wiz_0_0_xadc_core_drp has unconnected port Bus2IP_WrCE[0]
WARNING: [Synth 8-3331] design system_xadc_wiz_0_0_xadc_core_drp has unconnected port Bus2IP_WrCE[5]
WARNING: [Synth 8-3331] design system_xadc_wiz_0_0_xadc_core_drp has unconnected port Bus2IP_WrCE[6]
WARNING: [Synth 8-3331] design system_xadc_wiz_0_0_xadc_core_drp has unconnected port Bus2IP_WrCE[7]
WARNING: [Synth 8-3331] design system_xadc_wiz_0_0_xadc_core_drp has unconnected port Bus2IP_Addr[0]
WARNING: [Synth 8-3331] design system_xadc_wiz_0_0_xadc_core_drp has unconnected port Bus2IP_Addr[1]
WARNING: [Synth 8-3331] design system_xadc_wiz_0_0_xadc_core_drp has unconnected port Bus2IP_Addr[9]
WARNING: [Synth 8-3331] design system_xadc_wiz_0_0_xadc_core_drp has unconnected port Bus2IP_Addr[10]
WARNING: [Synth 8-3331] design system_xadc_wiz_0_0_xadc_core_drp has unconnected port Bus2IP_Data[0]
WARNING: [Synth 8-3331] design system_xadc_wiz_0_0_xadc_core_drp has unconnected port Bus2IP_Data[1]
WARNING: [Synth 8-3331] design system_xadc_wiz_0_0_xadc_core_drp has unconnected port Bus2IP_Data[2]
WARNING: [Synth 8-3331] design system_xadc_wiz_0_0_xadc_core_drp has unconnected port Bus2IP_Data[3]
WARNING: [Synth 8-3331] design system_xadc_wiz_0_0_xadc_core_drp has unconnected port Bus2IP_Data[4]
WARNING: [Synth 8-3331] design system_xadc_wiz_0_0_xadc_core_drp has unconnected port Bus2IP_Data[5]
INFO: [Common 17-14] Message 'Synth 8-3331' appears 100 times and further instances of the messages will be disabled. Use the Tcl command set_msg_config to change the current settings.
---------------------------------------------------------------------------------
Finished RTL Elaboration : Time (s): cpu = 00:00:15 ; elapsed = 00:00:15 . Memory (MB): peak = 1391.055 ; gain = 163.246 ; free physical = 1055 ; free virtual = 5799
---------------------------------------------------------------------------------

Report Check Netlist: 
+------+------------------+-------+---------+-------+------------------+
|      |Item              |Errors |Warnings |Status |Description       |
+------+------------------+-------+---------+-------+------------------+
|1     |multi_driven_nets |      0|        0|Passed |Multi driven nets |
+------+------------------+-------+---------+-------+------------------+
---------------------------------------------------------------------------------
Finished RTL Optimization Phase 1 : Time (s): cpu = 00:00:15 ; elapsed = 00:00:16 . Memory (MB): peak = 1391.055 ; gain = 163.246 ; free physical = 1065 ; free virtual = 5808
---------------------------------------------------------------------------------
INFO: [Netlist 29-17] Analyzing 18 Unisim elements for replacement
INFO: [Netlist 29-28] Unisim Transformation completed in 0 CPU seconds
INFO: [Device 21-403] Loading part xc7s50csga324-1
INFO: [Project 1-570] Preparing netlist for logic optimization

Processing XDC Constraints
Initializing timing engine
Parsing XDC File [/home/mitchellorsucci/DigilentRepos/Arty-S7-50-base-rt/src/bd/system/ip/system_xadc_wiz_0_0/system_xadc_wiz_0_0_ooc.xdc] for cell 'U0'
Finished Parsing XDC File [/home/mitchellorsucci/DigilentRepos/Arty-S7-50-base-rt/src/bd/system/ip/system_xadc_wiz_0_0/system_xadc_wiz_0_0_ooc.xdc] for cell 'U0'
Parsing XDC File [/home/mitchellorsucci/DigilentRepos/Arty-S7-50-base-rt/src/bd/system/ip/system_xadc_wiz_0_0/system_xadc_wiz_0_0.xdc] for cell 'U0'
Finished Parsing XDC File [/home/mitchellorsucci/DigilentRepos/Arty-S7-50-base-rt/src/bd/system/ip/system_xadc_wiz_0_0/system_xadc_wiz_0_0.xdc] for cell 'U0'
Parsing XDC File [/home/mitchellorsucci/DigilentRepos/Arty-S7-50-base-rt/proj/base-rt.runs/system_xadc_wiz_0_0_synth_1/dont_touch.xdc]
Finished Parsing XDC File [/home/mitchellorsucci/DigilentRepos/Arty-S7-50-base-rt/proj/base-rt.runs/system_xadc_wiz_0_0_synth_1/dont_touch.xdc]
Completed Processing XDC Constraints

INFO: [Project 1-111] Unisim Transformation Summary:
  A total of 17 instances were transformed.
  FDRSE => FDRSE (FDRE, LUT4, VCC): 17 instances

Constraint Validation Runtime : Time (s): cpu = 00:00:00.02 ; elapsed = 00:00:00.01 . Memory (MB): peak = 1710.336 ; gain = 0.000 ; free physical = 694 ; free virtual = 5438
---------------------------------------------------------------------------------
Finished Constraint Validation : Time (s): cpu = 00:00:26 ; elapsed = 00:00:31 . Memory (MB): peak = 1710.336 ; gain = 482.527 ; free physical = 1170 ; free virtual = 5913
---------------------------------------------------------------------------------
---------------------------------------------------------------------------------
Start Loading Part and Timing Information
---------------------------------------------------------------------------------
Loading part: xc7s50csga324-1
---------------------------------------------------------------------------------
Finished Loading Part and Timing Information : Time (s): cpu = 00:00:26 ; elapsed = 00:00:31 . Memory (MB): peak = 1710.336 ; gain = 482.527 ; free physical = 1170 ; free virtual = 5913
---------------------------------------------------------------------------------
---------------------------------------------------------------------------------
Start Applying 'set_property' XDC Constraints
---------------------------------------------------------------------------------
Applied set_property DONT_TOUCH = true for U0. (constraint file  /home/mitchellorsucci/DigilentRepos/Arty-S7-50-base-rt/proj/base-rt.runs/system_xadc_wiz_0_0_synth_1/dont_touch.xdc, line 9).
---------------------------------------------------------------------------------
Finished applying 'set_property' XDC Constraints : Time (s): cpu = 00:00:26 ; elapsed = 00:00:31 . Memory (MB): peak = 1710.336 ; gain = 482.527 ; free physical = 1177 ; free virtual = 5921
---------------------------------------------------------------------------------
INFO: [Synth 8-5544] ROM "s_axi_rresp_i" won't be mapped to Block RAM because address size (2) smaller than threshold (5)
INFO: [Synth 8-5544] ROM "s_axi_rresp_i" won't be mapped to Block RAM because address size (2) smaller than threshold (5)
INFO: [Synth 8-5544] ROM "s_axi_bresp_i" won't be mapped to Block RAM because address size (2) smaller than threshold (5)
INFO: [Synth 8-5544] ROM "s_axi_bresp_i" won't be mapped to Block RAM because address size (2) smaller than threshold (5)
WARNING: [Synth 8-6014] Unused sequential element INCLUDE_DPHASE_TIMER.dpto_cnt_reg was removed.  [/home/mitchellorsucci/DigilentRepos/Arty-S7-50-base-rt/src/bd/system/ip/system_xadc_wiz_0_0/axi_lite_ipif_v1_01_a/hdl/src/vhdl/system_xadc_wiz_0_0_slave_attachment.vhd:497]
WARNING: [Synth 8-6014] Unused sequential element timer_cntr_reg was removed.  [/home/mitchellorsucci/DigilentRepos/Arty-S7-50-base-rt/src/bd/system/ip/system_xadc_wiz_0_0/system_xadc_wiz_0_0_temperature_update.vhd:114]
INFO: [Synth 8-5544] ROM "drdy_A_reg" won't be mapped to Block RAM because address size (3) smaller than threshold (5)
INFO: [Synth 8-5544] ROM "drdy_A_reg" won't be mapped to Block RAM because address size (3) smaller than threshold (5)
INFO: [Synth 8-5544] ROM "state" won't be mapped to Block RAM because address size (1) smaller than threshold (5)
INFO: [Synth 8-5544] ROM "state" won't be mapped to Block RAM because address size (1) smaller than threshold (5)
---------------------------------------------------------------------------------
Finished RTL Optimization Phase 2 : Time (s): cpu = 00:00:27 ; elapsed = 00:00:33 . Memory (MB): peak = 1710.336 ; gain = 482.527 ; free physical = 1653 ; free virtual = 6398
---------------------------------------------------------------------------------

Report RTL Partitions: 
+-+--------------+------------+----------+
| |RTL Partition |Replication |Instances |
+-+--------------+------------+----------+
+-+--------------+------------+----------+
---------------------------------------------------------------------------------
Start RTL Component Statistics 
---------------------------------------------------------------------------------
Detailed RTL Component Info : 
+---Adders : 
	   2 Input      7 Bit       Adders := 1     
+---XORs : 
	   2 Input      1 Bit         XORs := 17    
+---Registers : 
	               32 Bit    Registers := 2     
	               17 Bit    Registers := 1     
	               16 Bit    Registers := 6     
	               12 Bit    Registers := 1     
	               11 Bit    Registers := 1     
	                9 Bit    Registers := 1     
	                8 Bit    Registers := 3     
	                7 Bit    Registers := 1     
	                3 Bit    Registers := 1     
	                2 Bit    Registers := 4     
	                1 Bit    Registers := 138   
+---Muxes : 
	   2 Input     32 Bit        Muxes := 3     
	   4 Input     18 Bit        Muxes := 1     
	   2 Input     16 Bit        Muxes := 15    
	   4 Input     16 Bit        Muxes := 4     
	   2 Input     10 Bit        Muxes := 1     
	   2 Input      8 Bit        Muxes := 13    
	   4 Input      8 Bit        Muxes := 2     
	   2 Input      4 Bit        Muxes := 1     
	   4 Input      3 Bit        Muxes := 1     
	   7 Input      2 Bit        Muxes := 2     
	   2 Input      2 Bit        Muxes := 2     
	   4 Input      2 Bit        Muxes := 1     
	   3 Input      2 Bit        Muxes := 1     
	   2 Input      1 Bit        Muxes := 140   
	   4 Input      1 Bit        Muxes := 31    
	   3 Input      1 Bit        Muxes := 2     
---------------------------------------------------------------------------------
Finished RTL Component Statistics 
---------------------------------------------------------------------------------
---------------------------------------------------------------------------------
Start RTL Hierarchical Component Statistics 
---------------------------------------------------------------------------------
Hierarchical RTL Component report 
Module system_xadc_wiz_0_0_pselect_f 
Detailed RTL Component Info : 
+---Muxes : 
	   2 Input      1 Bit        Muxes := 1     
Module system_xadc_wiz_0_0_pselect_f__parameterized8 
Detailed RTL Component Info : 
+---Muxes : 
	   2 Input      1 Bit        Muxes := 1     
Module system_xadc_wiz_0_0_pselect_f__parameterized0 
Detailed RTL Component Info : 
+---Muxes : 
	   2 Input      1 Bit        Muxes := 1     
Module system_xadc_wiz_0_0_pselect_f__parameterized1 
Detailed RTL Component Info : 
+---Muxes : 
	   2 Input      1 Bit        Muxes := 1     
Module system_xadc_wiz_0_0_pselect_f__parameterized2 
Detailed RTL Component Info : 
+---Muxes : 
	   2 Input      1 Bit        Muxes := 1     
Module system_xadc_wiz_0_0_pselect_f__parameterized3 
Detailed RTL Component Info : 
+---Muxes : 
	   2 Input      1 Bit        Muxes := 1     
Module system_xadc_wiz_0_0_pselect_f__parameterized4 
Detailed RTL Component Info : 
+---Muxes : 
	   2 Input      1 Bit        Muxes := 1     
Module system_xadc_wiz_0_0_pselect_f__parameterized5 
Detailed RTL Component Info : 
+---Muxes : 
	   2 Input      1 Bit        Muxes := 1     
Module system_xadc_wiz_0_0_pselect_f__parameterized6 
Detailed RTL Component Info : 
+---Muxes : 
	   2 Input      1 Bit        Muxes := 1     
Module system_xadc_wiz_0_0_pselect_f__parameterized7 
Detailed RTL Component Info : 
+---Muxes : 
	   2 Input      1 Bit        Muxes := 1     
Module system_xadc_wiz_0_0_pselect_f__parameterized9 
Detailed RTL Component Info : 
+---Muxes : 
	   2 Input      1 Bit        Muxes := 1     
Module system_xadc_wiz_0_0_pselect_f__parameterized10 
Detailed RTL Component Info : 
+---Muxes : 
	   2 Input      1 Bit        Muxes := 1     
Module system_xadc_wiz_0_0_pselect_f__parameterized11 
Detailed RTL Component Info : 
+---Muxes : 
	   2 Input      1 Bit        Muxes := 1     
Module system_xadc_wiz_0_0_pselect_f__parameterized12 
Detailed RTL Component Info : 
+---Muxes : 
	   2 Input      1 Bit        Muxes := 1     
Module system_xadc_wiz_0_0_pselect_f__parameterized13 
Detailed RTL Component Info : 
+---Muxes : 
	   2 Input      1 Bit        Muxes := 1     
Module system_xadc_wiz_0_0_pselect_f__parameterized14 
Detailed RTL Component Info : 
+---Muxes : 
	   2 Input      1 Bit        Muxes := 1     
Module system_xadc_wiz_0_0_pselect_f__parameterized15 
Detailed RTL Component Info : 
+---Muxes : 
	   2 Input      1 Bit        Muxes := 1     
Module system_xadc_wiz_0_0_pselect_f__parameterized16 
Detailed RTL Component Info : 
+---Muxes : 
	   2 Input      1 Bit        Muxes := 1     
Module system_xadc_wiz_0_0_pselect_f__parameterized17 
Detailed RTL Component Info : 
+---Muxes : 
	   2 Input      1 Bit        Muxes := 1     
Module system_xadc_wiz_0_0_pselect_f__parameterized18 
Detailed RTL Component Info : 
+---Muxes : 
	   2 Input      1 Bit        Muxes := 1     
Module system_xadc_wiz_0_0_pselect_f__parameterized19 
Detailed RTL Component Info : 
+---Muxes : 
	   2 Input      1 Bit        Muxes := 1     
Module system_xadc_wiz_0_0_pselect_f__parameterized20 
Detailed RTL Component Info : 
+---Muxes : 
	   2 Input      1 Bit        Muxes := 1     
Module system_xadc_wiz_0_0_pselect_f__parameterized21 
Detailed RTL Component Info : 
+---Muxes : 
	   2 Input      1 Bit        Muxes := 1     
Module system_xadc_wiz_0_0_pselect_f__parameterized22 
Detailed RTL Component Info : 
+---Muxes : 
	   2 Input      1 Bit        Muxes := 1     
Module system_xadc_wiz_0_0_pselect_f__parameterized23 
Detailed RTL Component Info : 
+---Muxes : 
	   2 Input      1 Bit        Muxes := 1     
Module system_xadc_wiz_0_0_pselect_f__parameterized24 
Detailed RTL Component Info : 
+---Muxes : 
	   2 Input      1 Bit        Muxes := 1     
Module system_xadc_wiz_0_0_address_decoder 
Detailed RTL Component Info : 
+---Registers : 
	                1 Bit    Registers := 29    
Module system_xadc_wiz_0_0_slave_attachment 
Detailed RTL Component Info : 
+---Adders : 
	   2 Input      7 Bit       Adders := 1     
+---Registers : 
	               32 Bit    Registers := 1     
	                7 Bit    Registers := 1     
	                2 Bit    Registers := 3     
	                1 Bit    Registers := 3     
+---Muxes : 
	   2 Input     10 Bit        Muxes := 1     
	   2 Input      4 Bit        Muxes := 1     
	   7 Input      2 Bit        Muxes := 1     
	   2 Input      2 Bit        Muxes := 2     
	   2 Input      1 Bit        Muxes := 7     
Module temperature_update 
Detailed RTL Component Info : 
+---Registers : 
	               12 Bit    Registers := 1     
	                8 Bit    Registers := 1     
	                2 Bit    Registers := 1     
	                1 Bit    Registers := 3     
+---Muxes : 
	   4 Input      2 Bit        Muxes := 1     
	   4 Input      1 Bit        Muxes := 8     
Module drp_arbiter 
Detailed RTL Component Info : 
+---Registers : 
	               16 Bit    Registers := 4     
	                8 Bit    Registers := 2     
	                3 Bit    Registers := 1     
	                1 Bit    Registers := 10    
+---Muxes : 
	   2 Input     16 Bit        Muxes := 15    
	   4 Input     16 Bit        Muxes := 4     
	   2 Input      8 Bit        Muxes := 13    
	   4 Input      8 Bit        Muxes := 2     
	   4 Input      3 Bit        Muxes := 1     
	   3 Input      2 Bit        Muxes := 1     
	   7 Input      2 Bit        Muxes := 1     
	   2 Input      1 Bit        Muxes := 83    
	   4 Input      1 Bit        Muxes := 23    
Module system_xadc_wiz_0_0_xadc_core_drp 
Detailed RTL Component Info : 
+---Registers : 
	               16 Bit    Registers := 2     
	               11 Bit    Registers := 1     
	                9 Bit    Registers := 1     
	                1 Bit    Registers := 21    
+---Muxes : 
	   4 Input     18 Bit        Muxes := 1     
	   2 Input      1 Bit        Muxes := 5     
	   3 Input      1 Bit        Muxes := 2     
Module system_xadc_wiz_0_0_soft_reset 
Detailed RTL Component Info : 
+---Registers : 
	                1 Bit    Registers := 2     
Module system_xadc_wiz_0_0_interrupt_control 
Detailed RTL Component Info : 
+---XORs : 
	   2 Input      1 Bit         XORs := 17    
+---Registers : 
	               17 Bit    Registers := 1     
	                1 Bit    Registers := 56    
+---Muxes : 
	   2 Input     32 Bit        Muxes := 3     
	   2 Input      1 Bit        Muxes := 19    
Module system_xadc_wiz_0_0_axi_xadc 
Detailed RTL Component Info : 
+---Registers : 
	               32 Bit    Registers := 1     
	                1 Bit    Registers := 14    
---------------------------------------------------------------------------------
Finished RTL Hierarchical Component Statistics
---------------------------------------------------------------------------------
---------------------------------------------------------------------------------
Start Part Resource Summary
---------------------------------------------------------------------------------
Part Resources:
DSPs: 120 (col length:60)
BRAMs: 150 (col length: RAMB18 60 RAMB36 30)
---------------------------------------------------------------------------------
Finished Part Resource Summary
---------------------------------------------------------------------------------
---------------------------------------------------------------------------------
Start Cross Boundary and Area Optimization
---------------------------------------------------------------------------------
INFO: [Synth 8-4471] merging register 'INTR_CTRLR_GEN_I.INTERRUPT_CONTROL_I/DO_IRPT_INPUT[15].GEN_POS_EDGE_DETECT.irpt_dly1_reg' into 'INTR_CTRLR_GEN_I.INTERRUPT_CONTROL_I/DO_IRPT_INPUT[14].GEN_POS_EDGE_DETECT.irpt_dly1_reg' [/home/mitchellorsucci/DigilentRepos/Arty-S7-50-base-rt/src/bd/system/ip/system_xadc_wiz_0_0/interrupt_control_v2_01_a/hdl/src/vhdl/system_xadc_wiz_0_0_interrupt_control.vhd:638]
INFO: [Synth 8-4471] merging register 'INTR_CTRLR_GEN_I.INTERRUPT_CONTROL_I/DO_IRPT_INPUT[15].GEN_POS_EDGE_DETECT.irpt_dly2_reg' into 'INTR_CTRLR_GEN_I.INTERRUPT_CONTROL_I/DO_IRPT_INPUT[14].GEN_POS_EDGE_DETECT.irpt_dly2_reg' [/home/mitchellorsucci/DigilentRepos/Arty-S7-50-base-rt/src/bd/system/ip/system_xadc_wiz_0_0/interrupt_control_v2_01_a/hdl/src/vhdl/system_xadc_wiz_0_0_interrupt_control.vhd:639]
INFO: [Synth 8-4471] merging register 'INTR_CTRLR_GEN_I.INTERRUPT_CONTROL_I/DO_IRPT_INPUT[16].GEN_POS_EDGE_DETECT.irpt_dly1_reg' into 'INTR_CTRLR_GEN_I.INTERRUPT_CONTROL_I/DO_IRPT_INPUT[14].GEN_POS_EDGE_DETECT.irpt_dly1_reg' [/home/mitchellorsucci/DigilentRepos/Arty-S7-50-base-rt/src/bd/system/ip/system_xadc_wiz_0_0/interrupt_control_v2_01_a/hdl/src/vhdl/system_xadc_wiz_0_0_interrupt_control.vhd:638]
INFO: [Synth 8-4471] merging register 'INTR_CTRLR_GEN_I.INTERRUPT_CONTROL_I/DO_IRPT_INPUT[16].GEN_POS_EDGE_DETECT.irpt_dly2_reg' into 'INTR_CTRLR_GEN_I.INTERRUPT_CONTROL_I/DO_IRPT_INPUT[14].GEN_POS_EDGE_DETECT.irpt_dly2_reg' [/home/mitchellorsucci/DigilentRepos/Arty-S7-50-base-rt/src/bd/system/ip/system_xadc_wiz_0_0/interrupt_control_v2_01_a/hdl/src/vhdl/system_xadc_wiz_0_0_interrupt_control.vhd:639]
INFO: [Synth 8-4471] merging register 'bus2ip_reset_active_high_reg' into 'AXI_LITE_IPIF_I/I_SLAVE_ATTACHMENT/rst_reg' [/home/mitchellorsucci/DigilentRepos/Arty-S7-50-base-rt/src/bd/system/ip/system_xadc_wiz_0_0/system_xadc_wiz_0_0_axi_xadc.vhd:674]
WARNING: [Synth 8-6014] Unused sequential element AXI_XADC_CORE_I/Inst_drp_arbiter/bgrant_A_reg was removed.  [/home/mitchellorsucci/DigilentRepos/Arty-S7-50-base-rt/src/bd/system/ip/system_xadc_wiz_0_0/system_xadc_wiz_0_0_drp_arbiter.vhd:133]
WARNING: [Synth 8-6014] Unused sequential element AXI_XADC_CORE_I/Inst_drp_arbiter/bgrant_B_reg was removed.  [/home/mitchellorsucci/DigilentRepos/Arty-S7-50-base-rt/src/bd/system/ip/system_xadc_wiz_0_0/system_xadc_wiz_0_0_drp_arbiter.vhd:134]
WARNING: [Synth 8-6014] Unused sequential element AXI_XADC_CORE_I/temp_bus_update_reg was removed.  [/home/mitchellorsucci/DigilentRepos/Arty-S7-50-base-rt/src/bd/system/ip/system_xadc_wiz_0_0/system_xadc_wiz_0_0_xadc_core_drp.vhd:565]
WARNING: [Synth 8-6014] Unused sequential element INTR_CTRLR_GEN_I.INTERRUPT_CONTROL_I/DO_IRPT_INPUT[15].GEN_POS_EDGE_DETECT.irpt_dly1_reg was removed.  [/home/mitchellorsucci/DigilentRepos/Arty-S7-50-base-rt/src/bd/system/ip/system_xadc_wiz_0_0/interrupt_control_v2_01_a/hdl/src/vhdl/system_xadc_wiz_0_0_interrupt_control.vhd:638]
WARNING: [Synth 8-6014] Unused sequential element INTR_CTRLR_GEN_I.INTERRUPT_CONTROL_I/DO_IRPT_INPUT[15].GEN_POS_EDGE_DETECT.irpt_dly2_reg was removed.  [/home/mitchellorsucci/DigilentRepos/Arty-S7-50-base-rt/src/bd/system/ip/system_xadc_wiz_0_0/interrupt_control_v2_01_a/hdl/src/vhdl/system_xadc_wiz_0_0_interrupt_control.vhd:639]
WARNING: [Synth 8-6014] Unused sequential element INTR_CTRLR_GEN_I.INTERRUPT_CONTROL_I/DO_IRPT_INPUT[16].GEN_POS_EDGE_DETECT.irpt_dly1_reg was removed.  [/home/mitchellorsucci/DigilentRepos/Arty-S7-50-base-rt/src/bd/system/ip/system_xadc_wiz_0_0/interrupt_control_v2_01_a/hdl/src/vhdl/system_xadc_wiz_0_0_interrupt_control.vhd:638]
WARNING: [Synth 8-6014] Unused sequential element INTR_CTRLR_GEN_I.INTERRUPT_CONTROL_I/DO_IRPT_INPUT[16].GEN_POS_EDGE_DETECT.irpt_dly2_reg was removed.  [/home/mitchellorsucci/DigilentRepos/Arty-S7-50-base-rt/src/bd/system/ip/system_xadc_wiz_0_0/interrupt_control_v2_01_a/hdl/src/vhdl/system_xadc_wiz_0_0_interrupt_control.vhd:639]
WARNING: [Synth 8-6014] Unused sequential element bus2ip_reset_active_high_reg was removed.  [/home/mitchellorsucci/DigilentRepos/Arty-S7-50-base-rt/src/bd/system/ip/system_xadc_wiz_0_0/system_xadc_wiz_0_0_axi_xadc.vhd:674]
WARNING: [Synth 8-6014] Unused sequential element AXI_LITE_IPIF_I/I_SLAVE_ATTACHMENT/INCLUDE_DPHASE_TIMER.dpto_cnt_reg was removed.  [/home/mitchellorsucci/DigilentRepos/Arty-S7-50-base-rt/src/bd/system/ip/system_xadc_wiz_0_0/axi_lite_ipif_v1_01_a/hdl/src/vhdl/system_xadc_wiz_0_0_slave_attachment.vhd:497]
WARNING: [Synth 8-6014] Unused sequential element AXI_XADC_CORE_I/temperature_update_inst/timer_cntr_reg was removed.  [/home/mitchellorsucci/DigilentRepos/Arty-S7-50-base-rt/src/bd/system/ip/system_xadc_wiz_0_0/system_xadc_wiz_0_0_temperature_update.vhd:114]
INFO: [Synth 8-3886] merging instance 'U0/AXI_XADC_CORE_I/temperature_update_inst/daddr_o_reg[7]' (FDCE) to 'U0/AXI_XADC_CORE_I/temperature_update_inst/daddr_o_reg[0]'
INFO: [Synth 8-3886] merging instance 'U0/AXI_XADC_CORE_I/temperature_update_inst/daddr_o_reg[0]' (FDCE) to 'U0/AXI_XADC_CORE_I/temperature_update_inst/daddr_o_reg[6]'
INFO: [Synth 8-3886] merging instance 'U0/AXI_XADC_CORE_I/temperature_update_inst/daddr_o_reg[1]' (FDCE) to 'U0/AXI_XADC_CORE_I/temperature_update_inst/daddr_o_reg[6]'
INFO: [Synth 8-3886] merging instance 'U0/AXI_XADC_CORE_I/temperature_update_inst/daddr_o_reg[2]' (FDCE) to 'U0/AXI_XADC_CORE_I/temperature_update_inst/daddr_o_reg[6]'
INFO: [Synth 8-3886] merging instance 'U0/AXI_XADC_CORE_I/temperature_update_inst/daddr_o_reg[3]' (FDCE) to 'U0/AXI_XADC_CORE_I/temperature_update_inst/daddr_o_reg[6]'
INFO: [Synth 8-3886] merging instance 'U0/AXI_XADC_CORE_I/temperature_update_inst/daddr_o_reg[4]' (FDCE) to 'U0/AXI_XADC_CORE_I/temperature_update_inst/daddr_o_reg[6]'
INFO: [Synth 8-3886] merging instance 'U0/AXI_XADC_CORE_I/temperature_update_inst/daddr_o_reg[5]' (FDCE) to 'U0/AXI_XADC_CORE_I/temperature_update_inst/daddr_o_reg[6]'
INFO: [Synth 8-3333] propagating constant 0 across sequential element (U0/\AXI_XADC_CORE_I/temperature_update_inst/daddr_o_reg[6] )
INFO: [Synth 8-3333] propagating constant 0 across sequential element (U0/\AXI_XADC_CORE_I/temperature_update_inst/dwe_o_reg )
INFO: [Synth 8-3333] propagating constant 0 across sequential element (U0/\AXI_XADC_CORE_I/Inst_drp_arbiter/state_reg[2] )
INFO: [Synth 8-3886] merging instance 'U0/INTR_CTRLR_GEN_I.ip2bus_data_int_reg[13]' (FDR) to 'U0/INTR_CTRLR_GEN_I.ip2bus_data_int_reg[12]'
INFO: [Synth 8-3886] merging instance 'U0/INTR_CTRLR_GEN_I.ip2bus_data_int_reg[12]' (FDR) to 'U0/INTR_CTRLR_GEN_I.ip2bus_data_int_reg[11]'
INFO: [Synth 8-3886] merging instance 'U0/INTR_CTRLR_GEN_I.ip2bus_data_int_reg[11]' (FDR) to 'U0/INTR_CTRLR_GEN_I.ip2bus_data_int_reg[10]'
INFO: [Synth 8-3886] merging instance 'U0/INTR_CTRLR_GEN_I.ip2bus_data_int_reg[10]' (FDR) to 'U0/INTR_CTRLR_GEN_I.ip2bus_data_int_reg[9]'
INFO: [Synth 8-3886] merging instance 'U0/INTR_CTRLR_GEN_I.ip2bus_data_int_reg[9]' (FDR) to 'U0/INTR_CTRLR_GEN_I.ip2bus_data_int_reg[8]'
INFO: [Synth 8-3886] merging instance 'U0/INTR_CTRLR_GEN_I.ip2bus_data_int_reg[8]' (FDR) to 'U0/INTR_CTRLR_GEN_I.ip2bus_data_int_reg[7]'
INFO: [Synth 8-3886] merging instance 'U0/INTR_CTRLR_GEN_I.ip2bus_data_int_reg[7]' (FDR) to 'U0/INTR_CTRLR_GEN_I.ip2bus_data_int_reg[6]'
INFO: [Synth 8-3886] merging instance 'U0/INTR_CTRLR_GEN_I.ip2bus_data_int_reg[6]' (FDR) to 'U0/INTR_CTRLR_GEN_I.ip2bus_data_int_reg[5]'
INFO: [Synth 8-3886] merging instance 'U0/INTR_CTRLR_GEN_I.ip2bus_data_int_reg[5]' (FDR) to 'U0/INTR_CTRLR_GEN_I.ip2bus_data_int_reg[4]'
INFO: [Synth 8-3886] merging instance 'U0/INTR_CTRLR_GEN_I.ip2bus_data_int_reg[4]' (FDR) to 'U0/INTR_CTRLR_GEN_I.ip2bus_data_int_reg[3]'
INFO: [Synth 8-3886] merging instance 'U0/INTR_CTRLR_GEN_I.ip2bus_data_int_reg[3]' (FDR) to 'U0/INTR_CTRLR_GEN_I.ip2bus_data_int_reg[2]'
INFO: [Synth 8-3886] merging instance 'U0/INTR_CTRLR_GEN_I.ip2bus_data_int_reg[2]' (FDR) to 'U0/INTR_CTRLR_GEN_I.ip2bus_data_int_reg[1]'
INFO: [Synth 8-3333] propagating constant 0 across sequential element (U0/\INTR_CTRLR_GEN_I.ip2bus_data_int_reg[1] )
INFO: [Synth 8-3886] merging instance 'U0/AXI_LITE_IPIF_I/I_SLAVE_ATTACHMENT/s_axi_rdata_i_reg[18]' (FDRE) to 'U0/AXI_LITE_IPIF_I/I_SLAVE_ATTACHMENT/s_axi_rdata_i_reg[19]'
INFO: [Synth 8-3886] merging instance 'U0/AXI_LITE_IPIF_I/I_SLAVE_ATTACHMENT/s_axi_rdata_i_reg[19]' (FDRE) to 'U0/AXI_LITE_IPIF_I/I_SLAVE_ATTACHMENT/s_axi_rdata_i_reg[20]'
INFO: [Synth 8-3886] merging instance 'U0/AXI_LITE_IPIF_I/I_SLAVE_ATTACHMENT/s_axi_rdata_i_reg[20]' (FDRE) to 'U0/AXI_LITE_IPIF_I/I_SLAVE_ATTACHMENT/s_axi_rdata_i_reg[21]'
INFO: [Synth 8-3886] merging instance 'U0/AXI_LITE_IPIF_I/I_SLAVE_ATTACHMENT/s_axi_rdata_i_reg[21]' (FDRE) to 'U0/AXI_LITE_IPIF_I/I_SLAVE_ATTACHMENT/s_axi_rdata_i_reg[22]'
INFO: [Synth 8-3886] merging instance 'U0/AXI_LITE_IPIF_I/I_SLAVE_ATTACHMENT/s_axi_rdata_i_reg[22]' (FDRE) to 'U0/AXI_LITE_IPIF_I/I_SLAVE_ATTACHMENT/s_axi_rdata_i_reg[23]'
INFO: [Synth 8-3886] merging instance 'U0/AXI_LITE_IPIF_I/I_SLAVE_ATTACHMENT/s_axi_rdata_i_reg[23]' (FDRE) to 'U0/AXI_LITE_IPIF_I/I_SLAVE_ATTACHMENT/s_axi_rdata_i_reg[24]'
INFO: [Synth 8-3886] merging instance 'U0/AXI_LITE_IPIF_I/I_SLAVE_ATTACHMENT/s_axi_rdata_i_reg[24]' (FDRE) to 'U0/AXI_LITE_IPIF_I/I_SLAVE_ATTACHMENT/s_axi_rdata_i_reg[25]'
INFO: [Synth 8-3886] merging instance 'U0/AXI_LITE_IPIF_I/I_SLAVE_ATTACHMENT/s_axi_rdata_i_reg[25]' (FDRE) to 'U0/AXI_LITE_IPIF_I/I_SLAVE_ATTACHMENT/s_axi_rdata_i_reg[26]'
INFO: [Synth 8-3886] merging instance 'U0/AXI_LITE_IPIF_I/I_SLAVE_ATTACHMENT/s_axi_rdata_i_reg[26]' (FDRE) to 'U0/AXI_LITE_IPIF_I/I_SLAVE_ATTACHMENT/s_axi_rdata_i_reg[27]'
INFO: [Synth 8-3886] merging instance 'U0/AXI_LITE_IPIF_I/I_SLAVE_ATTACHMENT/s_axi_rdata_i_reg[27]' (FDRE) to 'U0/AXI_LITE_IPIF_I/I_SLAVE_ATTACHMENT/s_axi_rdata_i_reg[28]'
INFO: [Synth 8-3886] merging instance 'U0/AXI_LITE_IPIF_I/I_SLAVE_ATTACHMENT/s_axi_rdata_i_reg[28]' (FDRE) to 'U0/AXI_LITE_IPIF_I/I_SLAVE_ATTACHMENT/s_axi_rdata_i_reg[29]'
INFO: [Synth 8-3886] merging instance 'U0/AXI_LITE_IPIF_I/I_SLAVE_ATTACHMENT/s_axi_rdata_i_reg[29]' (FDRE) to 'U0/AXI_LITE_IPIF_I/I_SLAVE_ATTACHMENT/s_axi_rdata_i_reg[30]'
WARNING: [Synth 8-3332] Sequential element (INTR_CTRLR_GEN_I.ip2bus_data_int_reg[1]) is unused and will be removed from module system_xadc_wiz_0_0_axi_xadc.
WARNING: [Synth 8-3332] Sequential element (AXI_LITE_IPIF_I/I_SLAVE_ATTACHMENT/s_axi_rdata_i_reg[30]) is unused and will be removed from module system_xadc_wiz_0_0_axi_xadc.
WARNING: [Synth 8-3332] Sequential element (AXI_XADC_CORE_I/Inst_drp_arbiter/state_reg[2]) is unused and will be removed from module system_xadc_wiz_0_0_axi_xadc.
WARNING: [Synth 8-3332] Sequential element (AXI_XADC_CORE_I/Inst_drp_arbiter/do_A_reg_reg[3]) is unused and will be removed from module system_xadc_wiz_0_0_axi_xadc.
WARNING: [Synth 8-3332] Sequential element (AXI_XADC_CORE_I/Inst_drp_arbiter/do_A_reg_reg[2]) is unused and will be removed from module system_xadc_wiz_0_0_axi_xadc.
WARNING: [Synth 8-3332] Sequential element (AXI_XADC_CORE_I/Inst_drp_arbiter/do_A_reg_reg[1]) is unused and will be removed from module system_xadc_wiz_0_0_axi_xadc.
WARNING: [Synth 8-3332] Sequential element (AXI_XADC_CORE_I/Inst_drp_arbiter/do_A_reg_reg[0]) is unused and will be removed from module system_xadc_wiz_0_0_axi_xadc.
WARNING: [Synth 8-3332] Sequential element (AXI_XADC_CORE_I/temperature_update_inst/dwe_o_reg) is unused and will be removed from module system_xadc_wiz_0_0_axi_xadc.
WARNING: [Synth 8-3332] Sequential element (AXI_XADC_CORE_I/temperature_update_inst/daddr_o_reg[6]) is unused and will be removed from module system_xadc_wiz_0_0_axi_xadc.
WARNING: [Synth 8-3332] Sequential element (AXI_XADC_CORE_I/Inst_drp_arbiter/daddr_reg_reg[7]) is unused and will be removed from module system_xadc_wiz_0_0_axi_xadc.
WARNING: [Synth 8-3332] Sequential element (AXI_XADC_CORE_I/Inst_drp_arbiter/daddr_C_reg_reg[7]) is unused and will be removed from module system_xadc_wiz_0_0_axi_xadc.
---------------------------------------------------------------------------------
Finished Cross Boundary and Area Optimization : Time (s): cpu = 00:00:29 ; elapsed = 00:00:34 . Memory (MB): peak = 1710.336 ; gain = 482.527 ; free physical = 1546 ; free virtual = 6291
---------------------------------------------------------------------------------

Report RTL Partitions: 
+-+--------------+------------+----------+
| |RTL Partition |Replication |Instances |
+-+--------------+------------+----------+
+-+--------------+------------+----------+
---------------------------------------------------------------------------------
Start Applying XDC Timing Constraints
---------------------------------------------------------------------------------
---------------------------------------------------------------------------------
Finished Applying XDC Timing Constraints : Time (s): cpu = 00:00:34 ; elapsed = 00:00:41 . Memory (MB): peak = 1710.336 ; gain = 482.527 ; free physical = 1032 ; free virtual = 5777
---------------------------------------------------------------------------------
---------------------------------------------------------------------------------
Start Timing Optimization
---------------------------------------------------------------------------------
---------------------------------------------------------------------------------
Finished Timing Optimization : Time (s): cpu = 00:00:35 ; elapsed = 00:00:42 . Memory (MB): peak = 1710.336 ; gain = 482.527 ; free physical = 1005 ; free virtual = 5749
---------------------------------------------------------------------------------

Report RTL Partitions: 
+-+--------------+------------+----------+
| |RTL Partition |Replication |Instances |
+-+--------------+------------+----------+
+-+--------------+------------+----------+
---------------------------------------------------------------------------------
Start Technology Mapping
---------------------------------------------------------------------------------
WARNING: [Synth 8-3332] Sequential element (AXI_LITE_IPIF_I/I_SLAVE_ATTACHMENT/s_axi_bresp_i_reg[0]) is unused and will be removed from module system_xadc_wiz_0_0_axi_xadc.
WARNING: [Synth 8-3332] Sequential element (AXI_LITE_IPIF_I/I_SLAVE_ATTACHMENT/s_axi_rresp_i_reg[0]) is unused and will be removed from module system_xadc_wiz_0_0_axi_xadc.
---------------------------------------------------------------------------------
Finished Technology Mapping : Time (s): cpu = 00:00:35 ; elapsed = 00:00:42 . Memory (MB): peak = 1710.336 ; gain = 482.527 ; free physical = 1003 ; free virtual = 5747
---------------------------------------------------------------------------------

Report RTL Partitions: 
+-+--------------+------------+----------+
| |RTL Partition |Replication |Instances |
+-+--------------+------------+----------+
+-+--------------+------------+----------+
---------------------------------------------------------------------------------
Start IO Insertion
---------------------------------------------------------------------------------
---------------------------------------------------------------------------------
Start Flattening Before IO Insertion
---------------------------------------------------------------------------------
---------------------------------------------------------------------------------
Finished Flattening Before IO Insertion
---------------------------------------------------------------------------------
---------------------------------------------------------------------------------
Start Final Netlist Cleanup
---------------------------------------------------------------------------------
---------------------------------------------------------------------------------
Finished Final Netlist Cleanup
---------------------------------------------------------------------------------
---------------------------------------------------------------------------------
Finished IO Insertion : Time (s): cpu = 00:00:36 ; elapsed = 00:00:43 . Memory (MB): peak = 1710.336 ; gain = 482.527 ; free physical = 967 ; free virtual = 5711
---------------------------------------------------------------------------------

Report Check Netlist: 
+------+------------------+-------+---------+-------+------------------+
|      |Item              |Errors |Warnings |Status |Description       |
+------+------------------+-------+---------+-------+------------------+
|1     |multi_driven_nets |      0|        0|Passed |Multi driven nets |
+------+------------------+-------+---------+-------+------------------+
---------------------------------------------------------------------------------
Start Renaming Generated Instances
---------------------------------------------------------------------------------
---------------------------------------------------------------------------------
Finished Renaming Generated Instances : Time (s): cpu = 00:00:36 ; elapsed = 00:00:43 . Memory (MB): peak = 1710.336 ; gain = 482.527 ; free physical = 963 ; free virtual = 5707
---------------------------------------------------------------------------------

Report RTL Partitions: 
+-+--------------+------------+----------+
| |RTL Partition |Replication |Instances |
+-+--------------+------------+----------+
+-+--------------+------------+----------+
---------------------------------------------------------------------------------
Start Rebuilding User Hierarchy
---------------------------------------------------------------------------------
---------------------------------------------------------------------------------
Finished Rebuilding User Hierarchy : Time (s): cpu = 00:00:36 ; elapsed = 00:00:43 . Memory (MB): peak = 1710.336 ; gain = 482.527 ; free physical = 959 ; free virtual = 5703
---------------------------------------------------------------------------------
---------------------------------------------------------------------------------
Start Renaming Generated Ports
---------------------------------------------------------------------------------
---------------------------------------------------------------------------------
Finished Renaming Generated Ports : Time (s): cpu = 00:00:36 ; elapsed = 00:00:43 . Memory (MB): peak = 1710.336 ; gain = 482.527 ; free physical = 959 ; free virtual = 5702
---------------------------------------------------------------------------------
---------------------------------------------------------------------------------
Start Handling Custom Attributes
---------------------------------------------------------------------------------
---------------------------------------------------------------------------------
Finished Handling Custom Attributes : Time (s): cpu = 00:00:36 ; elapsed = 00:00:43 . Memory (MB): peak = 1710.336 ; gain = 482.527 ; free physical = 962 ; free virtual = 5706
---------------------------------------------------------------------------------
---------------------------------------------------------------------------------
Start Renaming Generated Nets
---------------------------------------------------------------------------------
---------------------------------------------------------------------------------
Finished Renaming Generated Nets : Time (s): cpu = 00:00:36 ; elapsed = 00:00:43 . Memory (MB): peak = 1710.336 ; gain = 482.527 ; free physical = 966 ; free virtual = 5710
---------------------------------------------------------------------------------
---------------------------------------------------------------------------------
Start Writing Synthesis Report
---------------------------------------------------------------------------------

Report BlackBoxes: 
+-+--------------+----------+
| |BlackBox name |Instances |
+-+--------------+----------+
+-+--------------+----------+

Report Cell Usage: 
+------+-------+------+
|      |Cell   |Count |
+------+-------+------+
|1     |CARRY4 |     4|
|2     |LUT1   |     2|
|3     |LUT2   |    83|
|4     |LUT3   |    25|
|5     |LUT4   |    60|
|6     |LUT5   |    68|
|7     |LUT6   |   113|
|8     |XADC   |     1|
|9     |FDCE   |   115|
|10    |FDPE   |     1|
|11    |FDRE   |   215|
|12    |FDSE   |    36|
+------+-------+------+

Report Instance Areas: 
+------+-------------------------------------------+--------------------------------------+------+
|      |Instance                                   |Module                                |Cells |
+------+-------------------------------------------+--------------------------------------+------+
|1     |top                                        |                                      |   723|
|2     |  U0                                       |system_xadc_wiz_0_0_axi_xadc          |   723|
|3     |    AXI_LITE_IPIF_I                        |system_xadc_wiz_0_0_axi_lite_ipif     |   192|
|4     |      I_SLAVE_ATTACHMENT                   |system_xadc_wiz_0_0_slave_attachment  |   192|
|5     |        I_DECODER                          |system_xadc_wiz_0_0_address_decoder   |   135|
|6     |    AXI_XADC_CORE_I                        |system_xadc_wiz_0_0_xadc_core_drp     |   365|
|7     |      Inst_drp_arbiter                     |drp_arbiter                           |   194|
|8     |      temperature_update_inst              |temperature_update                    |    85|
|9     |    \INTR_CTRLR_GEN_I.INTERRUPT_CONTROL_I  |system_xadc_wiz_0_0_interrupt_control |    97|
|10    |    SOFT_RESET_I                           |system_xadc_wiz_0_0_soft_reset        |    36|
+------+-------------------------------------------+--------------------------------------+------+
---------------------------------------------------------------------------------
Finished Writing Synthesis Report : Time (s): cpu = 00:00:36 ; elapsed = 00:00:43 . Memory (MB): peak = 1710.336 ; gain = 482.527 ; free physical = 966 ; free virtual = 5710
---------------------------------------------------------------------------------
Synthesis finished with 0 errors, 0 critical warnings and 40 warnings.
Synthesis Optimization Runtime : Time (s): cpu = 00:00:31 ; elapsed = 00:00:34 . Memory (MB): peak = 1710.336 ; gain = 163.246 ; free physical = 1003 ; free virtual = 5747
Synthesis Optimization Complete : Time (s): cpu = 00:00:36 ; elapsed = 00:00:43 . Memory (MB): peak = 1710.336 ; gain = 482.527 ; free physical = 1003 ; free virtual = 5747
INFO: [Project 1-571] Translating synthesized netlist
INFO: [Netlist 29-17] Analyzing 5 Unisim elements for replacement
INFO: [Netlist 29-28] Unisim Transformation completed in 0 CPU seconds
INFO: [Project 1-570] Preparing netlist for logic optimization
INFO: [Opt 31-138] Pushed 0 inverter(s) to 0 load pin(s).
INFO: [Project 1-111] Unisim Transformation Summary:
No Unisim elements were transformed.

INFO: [Common 17-83] Releasing license: Synthesis
162 Infos, 126 Warnings, 0 Critical Warnings and 0 Errors encountered.
synth_design completed successfully
synth_design: Time (s): cpu = 00:00:37 ; elapsed = 00:00:44 . Memory (MB): peak = 1733.344 ; gain = 530.363 ; free physical = 926 ; free virtual = 5670
INFO: [Common 17-1381] The checkpoint '/home/mitchellorsucci/DigilentRepos/Arty-S7-50-base-rt/proj/base-rt.runs/system_xadc_wiz_0_0_synth_1/system_xadc_wiz_0_0.dcp' has been generated.
