
*** Running vivado
    with args -log system_PWM_0_0.vds -m64 -product Vivado -mode batch -messageDb vivado.pb -notrace -source system_PWM_0_0.tcl


****** Vivado v2017.4 (64-bit)
  **** SW Build 2086221 on Fri Dec 15 20:54:30 MST 2017
  **** IP Build 2085800 on Fri Dec 15 22:25:07 MST 2017
    ** Copyright 1986-2017 Xilinx, Inc. All Rights Reserved.

source system_PWM_0_0.tcl -notrace
Command: synth_design -top system_PWM_0_0 -part xc7s50csga324-1 -mode out_of_context
Starting synth_design
Attempting to get a license for feature 'Synthesis' and/or device 'xc7s50'
INFO: [Common 17-349] Got license for feature 'Synthesis' and/or device 'xc7s50'
INFO: Launching helper process for spawning children vivado processes
INFO: Helper process launched with PID 20454 
---------------------------------------------------------------------------------
Starting RTL Elaboration : Time (s): cpu = 00:00:06 ; elapsed = 00:00:07 . Memory (MB): peak = 1313.809 ; gain = 84.996 ; free physical = 166 ; free virtual = 6621
---------------------------------------------------------------------------------
INFO: [Synth 8-638] synthesizing module 'system_PWM_0_0' [/home/mitchellorsucci/DigilentRepos/Arty-S7-50-base-rt/src/bd/system/ip/system_PWM_0_0/synth/system_PWM_0_0.sv:56]
INFO: [Synth 8-638] synthesizing module 'PWM_v2_0' [/home/mitchellorsucci/DigilentRepos/Arty-S7-50-base-rt/src/bd/system/ipshared/a485/hdl/PWM_v2_0.sv:4]
	Parameter NUM_PWM bound to: 6 - type: integer 
	Parameter POLARITY bound to: 1'b1 
	Parameter C_PWM_AXI_DATA_WIDTH bound to: 32 - type: integer 
	Parameter C_PWM_AXI_ADDR_WIDTH bound to: 7 - type: integer 
INFO: [Synth 8-638] synthesizing module 'PWM_AXI' [/home/mitchellorsucci/DigilentRepos/Arty-S7-50-base-rt/src/bd/system/ipshared/a485/hdl/PWM_AXI.sv:4]
	Parameter NUM_PWM bound to: 6 - type: integer 
	Parameter C_S_AXI_DATA_WIDTH bound to: 32 - type: integer 
	Parameter C_S_AXI_ADDR_WIDTH bound to: 7 - type: integer 
	Parameter ADDR_LSB bound to: 2 - type: integer 
	Parameter OPT_MEM_ADDR_BITS bound to: 4 - type: integer 
INFO: [Synth 8-256] done synthesizing module 'PWM_AXI' (1#1) [/home/mitchellorsucci/DigilentRepos/Arty-S7-50-base-rt/src/bd/system/ipshared/a485/hdl/PWM_AXI.sv:4]
INFO: [Synth 8-256] done synthesizing module 'PWM_v2_0' (2#1) [/home/mitchellorsucci/DigilentRepos/Arty-S7-50-base-rt/src/bd/system/ipshared/a485/hdl/PWM_v2_0.sv:4]
INFO: [Synth 8-256] done synthesizing module 'system_PWM_0_0' (3#1) [/home/mitchellorsucci/DigilentRepos/Arty-S7-50-base-rt/src/bd/system/ip/system_PWM_0_0/synth/system_PWM_0_0.sv:56]
WARNING: [Synth 8-3331] design PWM_AXI has unconnected port S_AXI_AWPROT[2]
WARNING: [Synth 8-3331] design PWM_AXI has unconnected port S_AXI_AWPROT[1]
WARNING: [Synth 8-3331] design PWM_AXI has unconnected port S_AXI_AWPROT[0]
WARNING: [Synth 8-3331] design PWM_AXI has unconnected port S_AXI_ARPROT[2]
WARNING: [Synth 8-3331] design PWM_AXI has unconnected port S_AXI_ARPROT[1]
WARNING: [Synth 8-3331] design PWM_AXI has unconnected port S_AXI_ARPROT[0]
---------------------------------------------------------------------------------
Finished RTL Elaboration : Time (s): cpu = 00:00:07 ; elapsed = 00:00:07 . Memory (MB): peak = 1355.340 ; gain = 126.527 ; free physical = 217 ; free virtual = 6552
---------------------------------------------------------------------------------

Report Check Netlist: 
+------+------------------+-------+---------+-------+------------------+
|      |Item              |Errors |Warnings |Status |Description       |
+------+------------------+-------+---------+-------+------------------+
|1     |multi_driven_nets |      0|        0|Passed |Multi driven nets |
+------+------------------+-------+---------+-------+------------------+
---------------------------------------------------------------------------------
Finished RTL Optimization Phase 1 : Time (s): cpu = 00:00:07 ; elapsed = 00:00:08 . Memory (MB): peak = 1355.340 ; gain = 126.527 ; free physical = 199 ; free virtual = 6534
---------------------------------------------------------------------------------
INFO: [Device 21-403] Loading part xc7s50csga324-1
INFO: [Project 1-570] Preparing netlist for logic optimization

Processing XDC Constraints
Initializing timing engine
Completed Processing XDC Constraints

INFO: [Project 1-111] Unisim Transformation Summary:
No Unisim elements were transformed.

Constraint Validation Runtime : Time (s): cpu = 00:00:00.03 ; elapsed = 00:00:00.02 . Memory (MB): peak = 1693.629 ; gain = 0.000 ; free physical = 162 ; free virtual = 5950
---------------------------------------------------------------------------------
Finished Constraint Validation : Time (s): cpu = 00:00:19 ; elapsed = 00:00:23 . Memory (MB): peak = 1693.629 ; gain = 464.816 ; free physical = 218 ; free virtual = 5949
---------------------------------------------------------------------------------
---------------------------------------------------------------------------------
Start Loading Part and Timing Information
---------------------------------------------------------------------------------
Loading part: xc7s50csga324-1
---------------------------------------------------------------------------------
Finished Loading Part and Timing Information : Time (s): cpu = 00:00:19 ; elapsed = 00:00:23 . Memory (MB): peak = 1693.629 ; gain = 464.816 ; free physical = 217 ; free virtual = 5948
---------------------------------------------------------------------------------
---------------------------------------------------------------------------------
Start Applying 'set_property' XDC Constraints
---------------------------------------------------------------------------------
---------------------------------------------------------------------------------
Finished applying 'set_property' XDC Constraints : Time (s): cpu = 00:00:19 ; elapsed = 00:00:23 . Memory (MB): peak = 1693.629 ; gain = 464.816 ; free physical = 219 ; free virtual = 5950
---------------------------------------------------------------------------------
WARNING: [Synth 8-6014] Unused sequential element count_reg was removed.  [/home/mitchellorsucci/DigilentRepos/Arty-S7-50-base-rt/src/bd/system/ipshared/a485/hdl/PWM_v2_0.sv:101]
WARNING: [Synth 8-327] inferring latch for variable 'reg_data_out_reg' [/home/mitchellorsucci/DigilentRepos/Arty-S7-50-base-rt/src/bd/system/ipshared/a485/hdl/PWM_AXI.sv:388]
---------------------------------------------------------------------------------
Finished RTL Optimization Phase 2 : Time (s): cpu = 00:00:19 ; elapsed = 00:00:24 . Memory (MB): peak = 1693.629 ; gain = 464.816 ; free physical = 203 ; free virtual = 5934
---------------------------------------------------------------------------------

Report RTL Partitions: 
+-+--------------+------------+----------+
| |RTL Partition |Replication |Instances |
+-+--------------+------------+----------+
+-+--------------+------------+----------+
---------------------------------------------------------------------------------
Start RTL Component Statistics 
---------------------------------------------------------------------------------
Detailed RTL Component Info : 
+---Registers : 
	               32 Bit    Registers := 17    
	                7 Bit    Registers := 2     
	                2 Bit    Registers := 2     
	                1 Bit    Registers := 6     
+---Muxes : 
	   2 Input     32 Bit        Muxes := 16    
	   5 Input     32 Bit        Muxes := 9     
	   2 Input      1 Bit        Muxes := 6     
---------------------------------------------------------------------------------
Finished RTL Component Statistics 
---------------------------------------------------------------------------------
---------------------------------------------------------------------------------
Start RTL Hierarchical Component Statistics 
---------------------------------------------------------------------------------
Hierarchical RTL Component report 
Module PWM_AXI 
Detailed RTL Component Info : 
+---Registers : 
	               32 Bit    Registers := 10    
	                7 Bit    Registers := 2     
	                2 Bit    Registers := 2     
	                1 Bit    Registers := 5     
+---Muxes : 
	   2 Input     32 Bit        Muxes := 16    
	   5 Input     32 Bit        Muxes := 9     
	   2 Input      1 Bit        Muxes := 4     
Module PWM_v2_0 
Detailed RTL Component Info : 
+---Registers : 
	               32 Bit    Registers := 7     
	                1 Bit    Registers := 1     
+---Muxes : 
	   2 Input      1 Bit        Muxes := 2     
---------------------------------------------------------------------------------
Finished RTL Hierarchical Component Statistics
---------------------------------------------------------------------------------
---------------------------------------------------------------------------------
Start Part Resource Summary
---------------------------------------------------------------------------------
Part Resources:
DSPs: 120 (col length:60)
BRAMs: 150 (col length: RAMB18 60 RAMB36 30)
---------------------------------------------------------------------------------
Finished Part Resource Summary
---------------------------------------------------------------------------------
---------------------------------------------------------------------------------
Start Cross Boundary and Area Optimization
---------------------------------------------------------------------------------
WARNING: [Synth 8-6014] Unused sequential element inst/count_reg was removed.  [/home/mitchellorsucci/DigilentRepos/Arty-S7-50-base-rt/src/bd/system/ipshared/a485/hdl/PWM_v2_0.sv:101]
WARNING: [Synth 8-3331] design PWM_AXI has unconnected port S_AXI_AWPROT[2]
WARNING: [Synth 8-3331] design PWM_AXI has unconnected port S_AXI_AWPROT[1]
WARNING: [Synth 8-3331] design PWM_AXI has unconnected port S_AXI_AWPROT[0]
WARNING: [Synth 8-3331] design PWM_AXI has unconnected port S_AXI_ARPROT[2]
WARNING: [Synth 8-3331] design PWM_AXI has unconnected port S_AXI_ARPROT[1]
WARNING: [Synth 8-3331] design PWM_AXI has unconnected port S_AXI_ARPROT[0]
INFO: [Synth 8-3886] merging instance 'inst/PWM_AXI_inst/axi_rresp_reg[0]' (FDRE) to 'inst/PWM_AXI_inst/axi_rresp_reg[1]'
INFO: [Synth 8-3333] propagating constant 0 across sequential element (\inst/PWM_AXI_inst/axi_rresp_reg[1] )
INFO: [Synth 8-3886] merging instance 'inst/PWM_AXI_inst/axi_bresp_reg[0]' (FDRE) to 'inst/PWM_AXI_inst/axi_bresp_reg[1]'
INFO: [Synth 8-3333] propagating constant 0 across sequential element (\inst/PWM_AXI_inst/axi_bresp_reg[1] )
INFO: [Synth 8-3332] Sequential element (inst/PWM_AXI_inst/reg_data_out_reg[31]) is unused and will be removed from module system_PWM_0_0.
INFO: [Synth 8-3332] Sequential element (inst/PWM_AXI_inst/reg_data_out_reg[30]) is unused and will be removed from module system_PWM_0_0.
INFO: [Synth 8-3332] Sequential element (inst/PWM_AXI_inst/reg_data_out_reg[29]) is unused and will be removed from module system_PWM_0_0.
INFO: [Synth 8-3332] Sequential element (inst/PWM_AXI_inst/reg_data_out_reg[28]) is unused and will be removed from module system_PWM_0_0.
INFO: [Synth 8-3332] Sequential element (inst/PWM_AXI_inst/reg_data_out_reg[27]) is unused and will be removed from module system_PWM_0_0.
INFO: [Synth 8-3332] Sequential element (inst/PWM_AXI_inst/reg_data_out_reg[26]) is unused and will be removed from module system_PWM_0_0.
INFO: [Synth 8-3332] Sequential element (inst/PWM_AXI_inst/reg_data_out_reg[25]) is unused and will be removed from module system_PWM_0_0.
INFO: [Synth 8-3332] Sequential element (inst/PWM_AXI_inst/reg_data_out_reg[24]) is unused and will be removed from module system_PWM_0_0.
INFO: [Synth 8-3332] Sequential element (inst/PWM_AXI_inst/reg_data_out_reg[23]) is unused and will be removed from module system_PWM_0_0.
INFO: [Synth 8-3332] Sequential element (inst/PWM_AXI_inst/reg_data_out_reg[22]) is unused and will be removed from module system_PWM_0_0.
INFO: [Synth 8-3332] Sequential element (inst/PWM_AXI_inst/reg_data_out_reg[21]) is unused and will be removed from module system_PWM_0_0.
INFO: [Synth 8-3332] Sequential element (inst/PWM_AXI_inst/reg_data_out_reg[20]) is unused and will be removed from module system_PWM_0_0.
INFO: [Synth 8-3332] Sequential element (inst/PWM_AXI_inst/reg_data_out_reg[19]) is unused and will be removed from module system_PWM_0_0.
INFO: [Synth 8-3332] Sequential element (inst/PWM_AXI_inst/reg_data_out_reg[18]) is unused and will be removed from module system_PWM_0_0.
INFO: [Synth 8-3332] Sequential element (inst/PWM_AXI_inst/reg_data_out_reg[17]) is unused and will be removed from module system_PWM_0_0.
INFO: [Synth 8-3332] Sequential element (inst/PWM_AXI_inst/reg_data_out_reg[16]) is unused and will be removed from module system_PWM_0_0.
INFO: [Synth 8-3332] Sequential element (inst/PWM_AXI_inst/reg_data_out_reg[15]) is unused and will be removed from module system_PWM_0_0.
INFO: [Synth 8-3332] Sequential element (inst/PWM_AXI_inst/reg_data_out_reg[14]) is unused and will be removed from module system_PWM_0_0.
INFO: [Synth 8-3332] Sequential element (inst/PWM_AXI_inst/reg_data_out_reg[13]) is unused and will be removed from module system_PWM_0_0.
INFO: [Synth 8-3332] Sequential element (inst/PWM_AXI_inst/reg_data_out_reg[12]) is unused and will be removed from module system_PWM_0_0.
INFO: [Synth 8-3332] Sequential element (inst/PWM_AXI_inst/reg_data_out_reg[11]) is unused and will be removed from module system_PWM_0_0.
INFO: [Synth 8-3332] Sequential element (inst/PWM_AXI_inst/reg_data_out_reg[10]) is unused and will be removed from module system_PWM_0_0.
INFO: [Synth 8-3332] Sequential element (inst/PWM_AXI_inst/reg_data_out_reg[9]) is unused and will be removed from module system_PWM_0_0.
INFO: [Synth 8-3332] Sequential element (inst/PWM_AXI_inst/reg_data_out_reg[8]) is unused and will be removed from module system_PWM_0_0.
INFO: [Synth 8-3332] Sequential element (inst/PWM_AXI_inst/reg_data_out_reg[7]) is unused and will be removed from module system_PWM_0_0.
INFO: [Synth 8-3332] Sequential element (inst/PWM_AXI_inst/reg_data_out_reg[6]) is unused and will be removed from module system_PWM_0_0.
INFO: [Synth 8-3332] Sequential element (inst/PWM_AXI_inst/reg_data_out_reg[5]) is unused and will be removed from module system_PWM_0_0.
INFO: [Synth 8-3332] Sequential element (inst/PWM_AXI_inst/reg_data_out_reg[4]) is unused and will be removed from module system_PWM_0_0.
INFO: [Synth 8-3332] Sequential element (inst/PWM_AXI_inst/reg_data_out_reg[3]) is unused and will be removed from module system_PWM_0_0.
INFO: [Synth 8-3332] Sequential element (inst/PWM_AXI_inst/reg_data_out_reg[2]) is unused and will be removed from module system_PWM_0_0.
INFO: [Synth 8-3332] Sequential element (inst/PWM_AXI_inst/reg_data_out_reg[1]) is unused and will be removed from module system_PWM_0_0.
INFO: [Synth 8-3332] Sequential element (inst/PWM_AXI_inst/reg_data_out_reg[0]) is unused and will be removed from module system_PWM_0_0.
INFO: [Synth 8-3332] Sequential element (inst/PWM_AXI_inst/axi_awaddr_reg[1]) is unused and will be removed from module system_PWM_0_0.
INFO: [Synth 8-3332] Sequential element (inst/PWM_AXI_inst/axi_awaddr_reg[0]) is unused and will be removed from module system_PWM_0_0.
INFO: [Synth 8-3332] Sequential element (inst/PWM_AXI_inst/axi_bresp_reg[1]) is unused and will be removed from module system_PWM_0_0.
INFO: [Synth 8-3332] Sequential element (inst/PWM_AXI_inst/axi_rresp_reg[1]) is unused and will be removed from module system_PWM_0_0.
INFO: [Synth 8-3332] Sequential element (inst/PWM_AXI_inst/axi_araddr_reg[1]) is unused and will be removed from module system_PWM_0_0.
INFO: [Synth 8-3332] Sequential element (inst/PWM_AXI_inst/axi_araddr_reg[0]) is unused and will be removed from module system_PWM_0_0.
---------------------------------------------------------------------------------
Finished Cross Boundary and Area Optimization : Time (s): cpu = 00:00:20 ; elapsed = 00:00:25 . Memory (MB): peak = 1693.629 ; gain = 464.816 ; free physical = 169 ; free virtual = 5915
---------------------------------------------------------------------------------

Report RTL Partitions: 
+-+--------------+------------+----------+
| |RTL Partition |Replication |Instances |
+-+--------------+------------+----------+
+-+--------------+------------+----------+
---------------------------------------------------------------------------------
Start Applying XDC Timing Constraints
---------------------------------------------------------------------------------
---------------------------------------------------------------------------------
Finished Applying XDC Timing Constraints : Time (s): cpu = 00:00:25 ; elapsed = 00:00:31 . Memory (MB): peak = 1693.629 ; gain = 464.816 ; free physical = 194 ; free virtual = 5690
---------------------------------------------------------------------------------
---------------------------------------------------------------------------------
Start Timing Optimization
---------------------------------------------------------------------------------
---------------------------------------------------------------------------------
Finished Timing Optimization : Time (s): cpu = 00:00:25 ; elapsed = 00:00:31 . Memory (MB): peak = 1693.629 ; gain = 464.816 ; free physical = 184 ; free virtual = 5680
---------------------------------------------------------------------------------

Report RTL Partitions: 
+-+--------------+------------+----------+
| |RTL Partition |Replication |Instances |
+-+--------------+------------+----------+
+-+--------------+------------+----------+
---------------------------------------------------------------------------------
Start Technology Mapping
---------------------------------------------------------------------------------
---------------------------------------------------------------------------------
Finished Technology Mapping : Time (s): cpu = 00:00:25 ; elapsed = 00:00:31 . Memory (MB): peak = 1693.629 ; gain = 464.816 ; free physical = 183 ; free virtual = 5654
---------------------------------------------------------------------------------

Report RTL Partitions: 
+-+--------------+------------+----------+
| |RTL Partition |Replication |Instances |
+-+--------------+------------+----------+
+-+--------------+------------+----------+
---------------------------------------------------------------------------------
Start IO Insertion
---------------------------------------------------------------------------------
---------------------------------------------------------------------------------
Start Flattening Before IO Insertion
---------------------------------------------------------------------------------
---------------------------------------------------------------------------------
Finished Flattening Before IO Insertion
---------------------------------------------------------------------------------
---------------------------------------------------------------------------------
Start Final Netlist Cleanup
---------------------------------------------------------------------------------
---------------------------------------------------------------------------------
Finished Final Netlist Cleanup
---------------------------------------------------------------------------------
---------------------------------------------------------------------------------
Finished IO Insertion : Time (s): cpu = 00:00:25 ; elapsed = 00:00:32 . Memory (MB): peak = 1693.629 ; gain = 464.816 ; free physical = 163 ; free virtual = 5634
---------------------------------------------------------------------------------

Report Check Netlist: 
+------+------------------+-------+---------+-------+------------------+
|      |Item              |Errors |Warnings |Status |Description       |
+------+------------------+-------+---------+-------+------------------+
|1     |multi_driven_nets |      0|        0|Passed |Multi driven nets |
+------+------------------+-------+---------+-------+------------------+
---------------------------------------------------------------------------------
Start Renaming Generated Instances
---------------------------------------------------------------------------------
---------------------------------------------------------------------------------
Finished Renaming Generated Instances : Time (s): cpu = 00:00:25 ; elapsed = 00:00:32 . Memory (MB): peak = 1693.629 ; gain = 464.816 ; free physical = 163 ; free virtual = 5634
---------------------------------------------------------------------------------

Report RTL Partitions: 
+-+--------------+------------+----------+
| |RTL Partition |Replication |Instances |
+-+--------------+------------+----------+
+-+--------------+------------+----------+
---------------------------------------------------------------------------------
Start Rebuilding User Hierarchy
---------------------------------------------------------------------------------
---------------------------------------------------------------------------------
Finished Rebuilding User Hierarchy : Time (s): cpu = 00:00:25 ; elapsed = 00:00:32 . Memory (MB): peak = 1693.629 ; gain = 464.816 ; free physical = 163 ; free virtual = 5634
---------------------------------------------------------------------------------
---------------------------------------------------------------------------------
Start Renaming Generated Ports
---------------------------------------------------------------------------------
---------------------------------------------------------------------------------
Finished Renaming Generated Ports : Time (s): cpu = 00:00:25 ; elapsed = 00:00:32 . Memory (MB): peak = 1693.629 ; gain = 464.816 ; free physical = 163 ; free virtual = 5634
---------------------------------------------------------------------------------
---------------------------------------------------------------------------------
Start Handling Custom Attributes
---------------------------------------------------------------------------------
---------------------------------------------------------------------------------
Finished Handling Custom Attributes : Time (s): cpu = 00:00:25 ; elapsed = 00:00:32 . Memory (MB): peak = 1693.629 ; gain = 464.816 ; free physical = 163 ; free virtual = 5634
---------------------------------------------------------------------------------
---------------------------------------------------------------------------------
Start Renaming Generated Nets
---------------------------------------------------------------------------------
---------------------------------------------------------------------------------
Finished Renaming Generated Nets : Time (s): cpu = 00:00:25 ; elapsed = 00:00:32 . Memory (MB): peak = 1693.629 ; gain = 464.816 ; free physical = 163 ; free virtual = 5634
---------------------------------------------------------------------------------
---------------------------------------------------------------------------------
Start Writing Synthesis Report
---------------------------------------------------------------------------------

Report BlackBoxes: 
+-+--------------+----------+
| |BlackBox name |Instances |
+-+--------------+----------+
+-+--------------+----------+

Report Cell Usage: 
+------+-------+------+
|      |Cell   |Count |
+------+-------+------+
|1     |CARRY4 |    40|
|2     |LUT1   |     2|
|3     |LUT2   |    45|
|4     |LUT3   |     3|
|5     |LUT4   |   290|
|6     |LUT6   |   106|
|7     |FDRE   |   592|
+------+-------+------+

Report Instance Areas: 
+------+-----------------+---------+------+
|      |Instance         |Module   |Cells |
+------+-----------------+---------+------+
|1     |top              |         |  1078|
|2     |  inst           |PWM_v2_0 |  1078|
|3     |    PWM_AXI_inst |PWM_AXI  |   513|
+------+-----------------+---------+------+
---------------------------------------------------------------------------------
Finished Writing Synthesis Report : Time (s): cpu = 00:00:25 ; elapsed = 00:00:32 . Memory (MB): peak = 1693.629 ; gain = 464.816 ; free physical = 163 ; free virtual = 5634
---------------------------------------------------------------------------------
Synthesis finished with 0 errors, 0 critical warnings and 9 warnings.
Synthesis Optimization Runtime : Time (s): cpu = 00:00:20 ; elapsed = 00:00:23 . Memory (MB): peak = 1693.629 ; gain = 126.527 ; free physical = 266 ; free virtual = 5737
Synthesis Optimization Complete : Time (s): cpu = 00:00:26 ; elapsed = 00:00:32 . Memory (MB): peak = 1693.629 ; gain = 464.816 ; free physical = 266 ; free virtual = 5737
INFO: [Project 1-571] Translating synthesized netlist
INFO: [Netlist 29-17] Analyzing 40 Unisim elements for replacement
INFO: [Netlist 29-28] Unisim Transformation completed in 0 CPU seconds
INFO: [Project 1-570] Preparing netlist for logic optimization
INFO: [Opt 31-138] Pushed 0 inverter(s) to 0 load pin(s).
INFO: [Project 1-111] Unisim Transformation Summary:
No Unisim elements were transformed.

INFO: [Common 17-83] Releasing license: Synthesis
59 Infos, 15 Warnings, 0 Critical Warnings and 0 Errors encountered.
synth_design completed successfully
synth_design: Time (s): cpu = 00:00:27 ; elapsed = 00:00:33 . Memory (MB): peak = 1701.637 ; gain = 497.652 ; free physical = 235 ; free virtual = 5707
INFO: [Common 17-1381] The checkpoint '/home/mitchellorsucci/DigilentRepos/Arty-S7-50-base-rt/proj/base-rt.runs/system_PWM_0_0_synth_1/system_PWM_0_0.dcp' has been generated.
